"File: HT8_it.c      Assembler  Version HGASM0202      Page 1


   1  0000              ; Generated by holtek-gcc v3.20, Sun Sep 06 12:59:11 2020
   2  0000              ; 
   3  0000              ; Configuration:
   4  0000              ;       with long instruction
   5  0000              ;       Multi-ROM, Multi-RAM
   6  0000              ;       bits_per_rom_unit:16
   7  0000              ;       with mp1
   8  0000              ;       with tbhp, address(0x9)
   9  0000              ;          Use tabrd-const
  10  0000              ;       
  11  0000              ; SFR address of long-instruction arch:
  12  0000              ;    mp0 = -1,1,0
  13  0000              ;    mp1 = 4,3,2
  14  0000              ;    mp2 = 14,13,12
  15  0000              ;    tbp = 9,7,8
  16  0000              ;    acc = 5
  17  0000              ;    pcl = 6
  18  0000              ;    status = 10
  19  0000              ;    bp = 11
  20  0000              ;    intc = 16
  21  0000              ;       
  22  0000              ;       
  23  0000              ; use 'tabrdc' instead of 'tabrd'
  24  0000              ;       
  25  0000              
  26  0000              #pragma translator "holtek-gcc 4.6.4" "3.20" "build 20130711"
  27  0000              ; Rebuild 610
  28  0000              
  29  0000              ir equ [2]
  30  0000              mp equ [3]
  31  0000              sbp equ [4]
  32  0000              acc equ [5]
  33  0000              bp equ [11]
  34  0000              tblp equ [7]
  35  0000              tbhp equ [9]
  36  0000              status equ [10]
  37  0000              c equ [10].0
  38  0000              ac equ [10].1
  39  0000              z equ [10].2
  40  0000              ov equ [10].3
  41  0000              cz equ [10].6
  42  0000              sc equ [10].7
  43  0000              intc equ [16]
  44  0000              
  45  0000              extern ra:byte
  46  0000              extern rb:byte
  47  0000              extern rc:byte
  48  0000              extern rd:byte
  49  0000              extern re:byte
  50  0000              extern rf:byte
  51  0000              extern rg:byte
  52  0000              extern rh:byte
  53  0000              extern _Crom2Prom:near
  54  0000              extern _Crom2PromNext:near
  55  0000              
  56  0000              RAMBANK 0 @BITDATASEC, @BITDATASEC1
  57  0000              @HCCINIT	.section 'data'
  58  0000              @HCCINIT0	.section 'data'
  59  0000              @BITDATASEC	 .section 'data'
"File: HT8_it.ASM    Assembler  Version HGASM0202      Page 2

  60  0000              @BITDATASEC1	 .section 'data'
  61  0000              
  62  0000              #pragma debug scope 1 1
  63  0000              	extern __DELAY3:near
  64  0000              	extern __DELAYX3:near
  65  0000              	extern __DELAYX6:near
  66  0000              	extern __DELAYY5:near
  67  0000              	extern __DELAYY3:near
  68  0000              	extern _builtin_holtek_delay_2:byte
  69  0000              public _INT0_ISR
  70  0000              #pragma debug scope 2 1

  41  0000              #line 41 "C:\HT-3000\UC_F5660\src\HT8_it.c"
  41  0000              rombank 0 @INT0_ISR_code
  41  0000              @INT0_ISR_code .section at 4 'code'
  41  0000              _INT0_ISR:
  41  0000  0004        	reti
  41  0001              #line 41 "C:\HT-3000\UC_F5660\src\HT8_it.c"
  41  0001              #pragma debug scope 1 1
  41  0001              public _INT1_ISR
  41  0001              #pragma debug scope 3 1
  53  0001              #line 53 "C:\HT-3000\UC_F5660\src\HT8_it.c"
  53  0001              rombank 0 @INT1_ISR_code
  53  0000              @INT1_ISR_code .section at 8 'code'
  53  0000              _INT1_ISR:
  53  0000  0004        	reti
  53  0001              #line 53 "C:\HT-3000\UC_F5660\src\HT8_it.c"
  53  0001              #pragma debug scope 1 1
  53  0001              public _Timer0_ISR
  53  0001              #pragma debug scope 4 1
  65  0001              #line 65 "C:\HT-3000\UC_F5660\src\HT8_it.c"
  65  0001              rombank 0 @Timer0_ISR_code
  65  0000              @Timer0_ISR_code .section at 12 'code'
  65  0000              _Timer0_ISR:
  65  0000  0004        	reti
  65  0001              #line 65 "C:\HT-3000\UC_F5660\src\HT8_it.c"
  65  0001              #pragma debug scope 1 1
  65  0001              public _ADC_ISR
  65  0001              #pragma debug scope 5 1
  77  0001              #line 77 "C:\HT-3000\UC_F5660\src\HT8_it.c"
  77  0001              rombank 0 @ADC_ISR_code
  77  0000              @ADC_ISR_code .section at 16 'code'
  77  0000              _ADC_ISR:
  77  0000  0004        	reti
  77  0001              #line 77 "C:\HT-3000\UC_F5660\src\HT8_it.c"
  77  0001              #pragma debug scope 1 1
  77  0001              public _TB0_ISR
  77  0001              #pragma debug scope 6 1
  89  0001              #line 89 "C:\HT-3000\UC_F5660\src\HT8_it.c"
  89  0001              rombank 0 @TB0_ISR_code
  89  0000              @TB0_ISR_code .section at 20 'code'
  89  0000              _TB0_ISR:
  89  0000  0004        	reti
  89  0001              #line 89 "C:\HT-3000\UC_F5660\src\HT8_it.c"
  89  0001              #pragma debug scope 1 1
  89  0001              public _TB1_ISR
  89  0001              #pragma debug scope 7 1
 102  0001              #line 102 "C:\HT-3000\UC_F5660\src\HT8_it.c"
 102  0001              rombank 0 @TB1_ISR_code
 102  0000              @TB1_ISR_code .section at 24 'code'
"File: HT8_it.c      Assembler  Version HGASM0202      Page 3

 102  0000              _TB1_ISR:
 102  0000  0004        	reti
 102  0001              #line 102 "C:\HT-3000\UC_F5660\src\HT8_it.c"
 102  0001              #pragma debug scope 1 1
 102  0001              public _LVD_EEPROM_UART_SIM_ISR
 102  0001              #pragma debug scope 8 1
 115  0001              #line 115 "C:\HT-3000\UC_F5660\src\HT8_it.c"
 115  0001              rombank 0 @LVD_EEPROM_UART_SIM_ISR_code
 115  0000              @LVD_EEPROM_UART_SIM_ISR_code .section at 28 'code'
 115  0000              _LVD_EEPROM_UART_SIM_ISR:
 115  0000  0004        	reti
 115  0001              #line 115 "C:\HT-3000\UC_F5660\src\HT8_it.c"
 115  0001              #pragma debug scope 1 1
 115  0001              public _I2CTO_Timer1_ISR
 115  0001              #pragma debug scope 9 1
 128  0001              #line 128 "C:\HT-3000\UC_F5660\src\HT8_it.c"
 128  0001              rombank 0 @I2CTO_Timer1_ISR_code
 128  0000              @I2CTO_Timer1_ISR_code .section at 32 'code'
 128  0000              _I2CTO_Timer1_ISR:
 128  0000  0004        	reti
 128  0001              #line 128 "C:\HT-3000\UC_F5660\src\HT8_it.c"
 128  0001              #pragma debug scope 1 1
 128  0001              public _Timer2_Timer3_ISR
 128  0001              #pragma debug scope 10 1
 141  0001              #line 141 "C:\HT-3000\UC_F5660\src\HT8_it.c"
 141  0001              rombank 0 @Timer2_Timer3_ISR_code
 141  0000              @Timer2_Timer3_ISR_code .section at 36 'code'
 141  0000              _Timer2_Timer3_ISR:
 141  0000  0004        	reti
 141  0001              #line 141 "C:\HT-3000\UC_F5660\src\HT8_it.c"
 141  0001              #pragma debug scope 1 1
 141  0001              public _COMP0_ISR
 141  0001              #pragma debug scope 11 1
 154  0001              #line 154 "C:\HT-3000\UC_F5660\src\HT8_it.c"
 154  0001              rombank 0 @COMP0_ISR_code
 154  0000              @COMP0_ISR_code .section at 40 'code'
 154  0000              _COMP0_ISR:
 154  0000  0004        	reti
 154  0001              #line 154 "C:\HT-3000\UC_F5660\src\HT8_it.c"
 154  0001              #pragma debug scope 1 1
 154  0001              public _COMP1_ISR
 154  0001              #pragma debug scope 12 1
 167  0001              #line 167 "C:\HT-3000\UC_F5660\src\HT8_it.c"
 167  0001              rombank 0 @COMP1_ISR_code
 167  0000              @COMP1_ISR_code .section at 44 'code'
 167  0000              _COMP1_ISR:
 167  0000  0004        	reti
 167  0001              #line 167 "C:\HT-3000\UC_F5660\src\HT8_it.c"
 167  0001              #pragma debug scope 1 1
 167  0001              public _INT2_ISR
 167  0001              #pragma debug scope 13 1
 180  0001              #line 180 "C:\HT-3000\UC_F5660\src\HT8_it.c"
 180  0001              rombank 0 @INT2_ISR_code
 180  0000              @INT2_ISR_code .section at 48 'code'
 180  0000              _INT2_ISR:
 180  0000  0004        	reti
 180  0001              #line 180 "C:\HT-3000\UC_F5660\src\HT8_it.c"
 180  0001              #pragma debug scope 1 1
 180  0001              public _INT3_ISR
 180  0001              #pragma debug scope 14 1
"File: HT8_it.c      Assembler  Version HGASM0202      Page 4

 193  0001              #line 193 "C:\HT-3000\UC_F5660\src\HT8_it.c"
 193  0001              rombank 0 @INT3_ISR_code
 193  0000              @INT3_ISR_code .section at 52 'code'
 193  0000              _INT3_ISR:
 193  0000  0004        	reti
 193  0001              #line 193 "C:\HT-3000\UC_F5660\src\HT8_it.c"
 193  0001              #pragma debug scope 1 1
 193  0001              
 193  0001              ; 
 193  0001              ; Generated by holtek-gcc v3.20, Sun Sep 06 12:59:11 2020
 193  0001              ; Rebuild 610
 193  0001              ; end of file


        0 Errors, 0