"File: UC_F5660_main.c  Assembler  Version HGASM0202      Page 1


   1  0000              ; Generated by holtek-gcc v3.19, Fri Sep 11 16:07:42 2020
   2  0000              ; 
   3  0000              ; Configuration:
   4  0000              ;       with long instruction
   5  0000              ;       Multi-ROM, Multi-RAM
   6  0000              ;       bits_per_rom_unit:16
   7  0000              ;       with mp1
   8  0000              ;       with tbhp, address(0x9)
   9  0000              ;          Use tabrd-const
  10  0000              ;       
  11  0000              ; SFR address of long-instruction arch:
  12  0000              ;    mp0 = -1,1,0
  13  0000              ;    mp1 = 4,3,2
  14  0000              ;    mp2 = 14,13,12
  15  0000              ;    tbp = 9,7,8
  16  0000              ;    acc = 5
  17  0000              ;    pcl = 6
  18  0000              ;    status = 10
  19  0000              ;    bp = 11
  20  0000              ;    intc = 16
  21  0000              ;       
  22  0000              ;       
  23  0000              ; use 'tabrdc' instead of 'tabrd'
  24  0000              ;       
  25  0000              
  26  0000              #pragma translator "holtek-gcc 4.6.4" "3.19" "build 20130711"
  27  0000              ; Rebuild 718
  28  0000              
  29  0000              ir equ [2]
  30  0000              mp equ [3]
  31  0000              sbp equ [4]
  32  0000              acc equ [5]
  33  0000              bp equ [11]
  34  0000              tblp equ [7]
  35  0000              tbhp equ [9]
  36  0000              status equ [10]
  37  0000              c equ [10].0
  38  0000              ac equ [10].1
  39  0000              z equ [10].2
  40  0000              ov equ [10].3
  41  0000              cz equ [10].6
  42  0000              sc equ [10].7
  43  0000              intc equ [16]
  44  0000              
  45  0000              extern ra:byte
  46  0000              extern rb:byte
  47  0000              extern rc:byte
  48  0000              extern rd:byte
  49  0000              extern re:byte
  50  0000              extern rf:byte
  51  0000              extern rg:byte
  52  0000              extern rh:byte
  53  0000              extern _Crom2Prom:near
  54  0000              extern _Crom2PromNext:near
  55  0000              
  56  0000              RAMBANK 0 @BITDATASEC, @BITDATASEC1
  57  0000              @HCCINIT	.section 'data'
  58  0000              @HCCINIT0	.section 'data'
  59  0000              @BITDATASEC	 .section 'data'
"File: UC_F5660_main.ASM  Assembler  Version HGASM0202      Page 2

  60  0000              @BITDATASEC1	 .section 'data'
  61  0000              
  62  0000              #pragma debug scope 1 1
  63  0000              	extern __DELAY3:near
  64  0000              	extern __DELAYX3:near
  65  0000              	extern __DELAYX6:near
  66  0000              	extern __DELAYY5:near
  67  0000              	extern __DELAYY3:near
  68  0000              	extern _builtin_holtek_delay_2:byte
  69  0000              public _init_HT16K33
  70  0000              #pragma debug scope 2 1

  42  0000              #line 42 "C:\UC_MCU-Develop\UC_F5660_main.c"
  42  0000              _init_HT16K33 .section 'code'
  42  0000              _init_HT16K33 proc
  42  0000  00              local _init_HT16K33_2 db 1 dup(?)	; 0,1
  43  0001              #line 43 "C:\UC_MCU-Develop\UC_F5660_main.c"
  43  0000              	fcall _i2c_init
  46  0007              #line 46 "C:\UC_MCU-Develop\UC_F5660_main.c"
  46  0007              	fcall _i2c_start
  47  000E              #line 47 "C:\UC_MCU-Develop\UC_F5660_main.c"
  47  000E  0FC0        	mov a,192
  47  000F              	fcall _i2c_write
  48  0016              #line 48 "C:\UC_MCU-Develop\UC_F5660_main.c"
  48  0016              	fcall _i2c_read_ACK
  48  001D  0080     E  	mov ra,a
  48  001E  1080     E  	sz ra
  48  001F  2800     R  	jmp _L3
  51  0020              #line 51 "C:\UC_MCU-Develop\UC_F5660_main.c"
  51  0020  0F21        	mov a,33
  51  0021              	fcall _i2c_write
  52  0028              #line 52 "C:\UC_MCU-Develop\UC_F5660_main.c"
  52  0028              	fcall _i2c_read_ACK
  52  002F  0080     E  	mov ra,a
  52  0030  1080     E  	sz ra
  52  0031  2800     R  	jmp _L3
  54  0032              #line 54 "C:\UC_MCU-Develop\UC_F5660_main.c"
  54  0032              	fcall _i2c_stop
  54  0039              _L3:
  59  0039              #line 59 "C:\UC_MCU-Develop\UC_F5660_main.c"
  59  0039              	fcall _i2c_start
  60  0040              #line 60 "C:\UC_MCU-Develop\UC_F5660_main.c"
  60  0040  0FC0        	mov a,192
  60  0041              	fcall _i2c_write
  61  0048              #line 61 "C:\UC_MCU-Develop\UC_F5660_main.c"
  61  0048              	fcall _i2c_read_ACK
  61  004F  0080     E  	mov ra,a
  61  0050  1080     E  	sz ra
  61  0051  2800     R  	jmp _L6
  63  0052              #line 63 "C:\UC_MCU-Develop\UC_F5660_main.c"
  63  0052  0FA0        	mov a,160
  63  0053              	fcall _i2c_write
  64  005A              #line 64 "C:\UC_MCU-Develop\UC_F5660_main.c"
  64  005A              	fcall _i2c_read_ACK
  64  0061  0080     E  	mov ra,a
  64  0062  1080     E  	sz ra
  64  0063  2800     R  	jmp _L6
  66  0064              #line 66 "C:\UC_MCU-Develop\UC_F5660_main.c"
  66  0064              	fcall _i2c_stop
  66  006B              _L6:
"File: UC_F5660_main.c  Assembler  Version HGASM0202      Page 3

  70  006B              #line 70 "C:\UC_MCU-Develop\UC_F5660_main.c"
  70  006B              	fcall _i2c_start
  71  0072              #line 71 "C:\UC_MCU-Develop\UC_F5660_main.c"
  71  0072  0FC0        	mov a,192
  71  0073              	fcall _i2c_write
  72  007A              #line 72 "C:\UC_MCU-Develop\UC_F5660_main.c"
  72  007A              	fcall _i2c_read_ACK
  72  0081  0080     E  	mov ra,a
  72  0082  1080     E  	sz ra
  72  0083  2800     R  	jmp _L9
  74  0084              #line 74 "C:\UC_MCU-Develop\UC_F5660_main.c"
  74  0084  0FEF        	mov a,239
  74  0085              	fcall _i2c_write
  75  008C              #line 75 "C:\UC_MCU-Develop\UC_F5660_main.c"
  75  008C              	fcall _i2c_read_ACK
  75  0093  0080     E  	mov ra,a
  75  0094  1080     E  	sz ra
  75  0095  2800     R  	jmp _L9
  77  0096              #line 77 "C:\UC_MCU-Develop\UC_F5660_main.c"
  77  0096              	fcall _i2c_stop
  77  009D              _L9:
  82  009D              #line 82 "C:\UC_MCU-Develop\UC_F5660_main.c"
  82  009D              	fcall _i2c_start
  83  00A4              #line 83 "C:\UC_MCU-Develop\UC_F5660_main.c"
  83  00A4  0FC0        	mov a,192
  83  00A5              	fcall _i2c_write
  84  00AC              #line 84 "C:\UC_MCU-Develop\UC_F5660_main.c"
  84  00AC              	fcall _i2c_read_ACK
  84  00B3  0080     E  	mov ra,a
  84  00B4  1080     E  	sz ra
  84  00B5  2800     R  	jmp _L12
  86  00B6              #line 86 "C:\UC_MCU-Develop\UC_F5660_main.c"
  86  00B6  0F80        	mov a,128
  86  00B7              	fcall _i2c_write
  87  00BE              #line 87 "C:\UC_MCU-Develop\UC_F5660_main.c"
  87  00BE              	fcall _i2c_read_ACK
  87  00C5  0080     E  	mov ra,a
  87  00C6  1080     E  	sz ra
  87  00C7  2800     R  	jmp _L12
  89  00C8              #line 89 "C:\UC_MCU-Develop\UC_F5660_main.c"
  89  00C8              	fcall _i2c_stop
  89  00CF              _L12:
  93  00CF              #line 93 "C:\UC_MCU-Develop\UC_F5660_main.c"
  93  00CF              	fcall _i2c_start
  94  00D6              #line 94 "C:\UC_MCU-Develop\UC_F5660_main.c"
  94  00D6  0FC0        	mov a,192
  94  00D7              	fcall _i2c_write
  95  00DE              #line 95 "C:\UC_MCU-Develop\UC_F5660_main.c"
  95  00DE              	fcall _i2c_read_ACK
  95  00E5  0080     E  	mov ra,a
  95  00E6  1080     E  	sz ra
  95  00E7  2800     R  	jmp _L15
  97  00E8              #line 97 "C:\UC_MCU-Develop\UC_F5660_main.c"
  97  00E8  0F00        	mov a,0
  97  00E9              	fcall _i2c_write
  98  00F0              #line 98 "C:\UC_MCU-Develop\UC_F5660_main.c"
  98  00F0              	fcall _i2c_read_ACK
  98  00F7  0080     E  	mov ra,a
  98  00F8  1080     E  	sz ra
  98  00F9  2800     R  	jmp _L15
"File: UC_F5660_main.c  Assembler  Version HGASM0202      Page 4

  98  00FA  1F00     R  	clr _init_HT16K33_2[0]
  98  00FB              _L20:
  98  00FB              #pragma debug scope 3 2
  98  00FB              ;begin block, line: 98.-1
 103  00FB              #line 103 "C:\UC_MCU-Develop\UC_F5660_main.c"
 103  00FB              	fcall _i2c_read_ACK
 103  0102  0080     E  	mov ra,a
 103  0103  1700     E  	sdza ra
 103  0104  2800     R  	jmp _L17
 105  0105              #line 105 "C:\UC_MCU-Develop\UC_F5660_main.c"
 105  0105              ;# 105 "C:\UC_MCU-Develop\UC_F5660_main.c" 1
 105  0105              	IF 100>263690
 105  0105              ;# 105 "C:\UC_MCU-Develop\UC_F5660_main.c" 1
 105  0105              	ERRMESSAGE 'the value 100of the argument exceeds the maxinum 263690'
 105  0105              	ENDIF
 105  0105              ;# 105 "C:\UC_MCU-Develop\UC_F5660_main.c" 1
 105  0105              	IF 100<0
 105  0105              ;# 105 "C:\UC_MCU-Develop\UC_F5660_main.c" 1
 105  0105              	ERRMESSAGE 'the value 100 of the argument exceeds the mininum 0'
 105  0105              	ENDIF
 105  0105              ;# 105 "C:\UC_MCU-Develop\UC_F5660_main.c" 1
 105  0105              	IF 100==0
 105  0105              ;# 105 "C:\UC_MCU-Develop\UC_F5660_main.c" 1
 105  0105              	JMP $
 105  0105              	ENDIF
 105  0105              ;# 105 "C:\UC_MCU-Develop\UC_F5660_main.c" 1
 105  0105              	IF (100>=1) AND (100<( 4 + __PBP__ * 2))
 105  0105              ;# 105 "C:\UC_MCU-Develop\UC_F5660_main.c" 1
 105  0105              	NOP
 105  0105              	ENDIF
 105  0105              ;# 105 "C:\UC_MCU-Develop\UC_F5660_main.c" 1
 105  0105              	IF (100>=2) AND (100<( 4 + __PBP__ * 2))
 105  0105              ;# 105 "C:\UC_MCU-Develop\UC_F5660_main.c" 1
 105  0105              	NOP
 105  0105              	ENDIF
 105  0105              ;# 105 "C:\UC_MCU-Develop\UC_F5660_main.c" 1
 105  0105              	IF (100>=3) AND (100<( 4 + __PBP__ * 2))
 105  0105              ;# 105 "C:\UC_MCU-Develop\UC_F5660_main.c" 1
 105  0105              	NOP
 105  0105              	ENDIF
 105  0105              ;# 105 "C:\UC_MCU-Develop\UC_F5660_main.c" 1
 105  0105              	IF (100>=4) AND (100<( 4 + __PBP__ * 2)) AND ( __PBP__ > 0 )
 105  0105              ;# 105 "C:\UC_MCU-Develop\UC_F5660_main.c" 1
 105  0105              	NOP
 105  0105              	ENDIF
 105  0105              ;# 105 "C:\UC_MCU-Develop\UC_F5660_main.c" 1
 105  0105              	IF (100>=5) AND (100<( 4 + __PBP__ * 2)) AND ( __PBP__ > 0 )
 105  0105              ;# 105 "C:\UC_MCU-Develop\UC_F5660_main.c" 1
 105  0105              	NOP
 105  0105              	ENDIF
 105  0105              ;# 105 "C:\UC_MCU-Develop\UC_F5660_main.c" 1
 105  0105              	IF (100>=6) AND (100<( 4 + __PBP__ * 2))  AND ( __PBP__ > 1 )
 105  0105              ;# 105 "C:\UC_MCU-Develop\UC_F5660_main.c" 1
 105  0105              	NOP
 105  0105              	ENDIF
 105  0105              ;# 105 "C:\UC_MCU-Develop\UC_F5660_main.c" 1
 105  0105              	IF (100>=7) AND (100<( 4 + __PBP__ * 2))  AND ( __PBP__ > 1 )
 105  0105              ;# 105 "C:\UC_MCU-Develop\UC_F5660_main.c" 1
 105  0105              	NOP
 105  0105              	ENDIF
"File: UC_F5660_main.c  Assembler  Version HGASM0202      Page 5

 105  0105              ;# 105 "C:\UC_MCU-Develop\UC_F5660_main.c" 1
 105  0105              	IF (100>=8) AND (100<( 4 + __PBP__ * 2))  AND ( __PBP__ > 2 )
 105  0105              ;# 105 "C:\UC_MCU-Develop\UC_F5660_main.c" 1
 105  0105              	NOP
 105  0105              	ENDIF
 105  0105              ;# 105 "C:\UC_MCU-Develop\UC_F5660_main.c" 1
 105  0105              	IF (100==9)  AND ( __PBP__ > 2 )
 105  0105              ;# 105 "C:\UC_MCU-Develop\UC_F5660_main.c" 1
 105  0105              	NOP
 105  0105              	ENDIF
 105  0105              ;# 105 "C:\UC_MCU-Develop\UC_F5660_main.c" 1
 105  0105              	IF (100< ( 8 + __PBP__ * 2)) AND (100>( 3 + __PBP__ * 2))
 105  0105              ;# 105 "C:\UC_MCU-Develop\UC_F5660_main.c" 1
 105  0105              	fcall __DELAY3 + ( 7 + __PBP__ * 2) -100
 105  0105              	ENDIF
 105  0105              ;# 105 "C:\UC_MCU-Develop\UC_F5660_main.c" 1
 105  0105              	IF (100< ( 0404h + __PBP__ * 2)) AND (100>( 7 + __PBP__ * 2))
 105  0105              ;# 105 "C:\UC_MCU-Develop\UC_F5660_main.c" 1
 105  0105  0F17        	MOV A,(100-( 4 + __PBP__ * 2))/4
 105  0106              ;# 105 "C:\UC_MCU-Develop\UC_F5660_main.c" 1
 105  0106              	fcall __DELAYX3 + 3 -((100-( 4 + __PBP__ * 2)) MOD 4) 
 105  010D              	ENDIF
 105  010D              ;# 105 "C:\UC_MCU-Develop\UC_F5660_main.c" 1
 105  010D              	IF (100< ( 040bh + __PBP__ * 2)) AND (100> ( 0403h + __PBP__ * 2))
 105  010D              ;# 105 "C:\UC_MCU-Develop\UC_F5660_main.c" 1
 105  010D              	MOV A,0 
 105  010D              ;# 105 "C:\UC_MCU-Develop\UC_F5660_main.c" 1
 105  010D              	fcall __DELAYX6 + ( 040ah + __PBP__ * 2) -100
 105  010D              	ENDIF
 105  010D              ;# 105 "C:\UC_MCU-Develop\UC_F5660_main.c" 1
 105  010D              	IF (100 >= ( 040bh + __PBP__ * 2)) AND ((((100-( 9 + __PBP__ * 2))%0402h)/4+1)>256)
 105  010D              ;# 105 "C:\UC_MCU-Develop\UC_F5660_main.c" 1
 105  010D              	MOV A,(100-( 9 + __PBP__ * 2))/0402h
 105  010D              ;# 105 "C:\UC_MCU-Develop\UC_F5660_main.c" 1
 105  010D              	MOV _builtin_holtek_delay_2,A
 105  010D              ;# 105 "C:\UC_MCU-Develop\UC_F5660_main.c" 1
 105  010D              	MOV A,0
 105  010D              ;# 105 "C:\UC_MCU-Develop\UC_F5660_main.c" 1
 105  010D              	fcall __DELAYY5 +5- (((100-( 9 + __PBP__ * 2))%0402h)%6) 
 105  010D              	ENDIF
 105  010D              ;# 105 "C:\UC_MCU-Develop\UC_F5660_main.c" 1
 105  010D              	IF (100 >= ( 040bh + __PBP__ * 2)) AND ((((100-( 9 + __PBP__ * 2))%0402h)/4+1)<=256)
 105  010D              ;# 105 "C:\UC_MCU-Develop\UC_F5660_main.c" 1
 105  010D              	MOV A,(100-( 9 + __PBP__ * 2))/0402h
 105  010D              ;# 105 "C:\UC_MCU-Develop\UC_F5660_main.c" 1
 105  010D              	MOV _builtin_holtek_delay_2,A
 105  010D              ;# 105 "C:\UC_MCU-Develop\UC_F5660_main.c" 1
 105  010D              	MOV A,((100-( 9 + __PBP__ * 2))%0402h)/4+1
 105  010D              ;# 105 "C:\UC_MCU-Develop\UC_F5660_main.c" 1
 105  010D              	fcall __DELAYY3 +3-(((100-( 9 + __PBP__ * 2))%0402h)%4) 
 105  010D              	ENDIF
 105  010D  2800     R  	jmp _L18
 105  010E              _L17:
 109  010E              #line 109 "C:\UC_MCU-Develop\UC_F5660_main.c"
 109  010E  0FFF        	mov a,255
 109  010F              	fcall _i2c_write
 109  0116              _L18:
 109  0116  1480     R  	inc _init_HT16K33_2[0]
 101  0117              #line 101 "C:\UC_MCU-Develop\UC_F5660_main.c"
 101  0117  0700     R  	mov a,_init_HT16K33_2[0]
"File: UC_F5660_main.c  Assembler  Version HGASM0202      Page 6

 101  0118  0A0C        	sub a,12
 101  0119  390A        	snz z
 101  011A  2800     R  	jmp _L20
 112  011B              #line 112 "C:\UC_MCU-Develop\UC_F5660_main.c"
 112  011B              	fcall _i2c_stop
 112  0122              _L15:
 112  0122              #pragma debug scope 2 1
 118  0122              #line 118 "C:\UC_MCU-Develop\UC_F5660_main.c"
 118  0122              	fcall _i2c_start
 119  0129              #line 119 "C:\UC_MCU-Develop\UC_F5660_main.c"
 119  0129  0FC0        	mov a,192
 119  012A              	fcall _i2c_write
 120  0131              #line 120 "C:\UC_MCU-Develop\UC_F5660_main.c"
 120  0131              	fcall _i2c_read_ACK
 120  0138  0080     E  	mov ra,a
 120  0139  1080     E  	sz ra
 120  013A  2800     R  	jmp _L1
 122  013B              #line 122 "C:\UC_MCU-Develop\UC_F5660_main.c"
 122  013B  0F81        	mov a,129
 122  013C              	fcall _i2c_write
 123  0143              #line 123 "C:\UC_MCU-Develop\UC_F5660_main.c"
 123  0143              	fcall _i2c_read_ACK
 123  014A  0080     E  	mov ra,a
 123  014B  1080     E  	sz ra
 123  014C  2800     R  	jmp _L1
 125  014D              #line 125 "C:\UC_MCU-Develop\UC_F5660_main.c"
 125  014D              	fcall _i2c_stop
 125  0154              _L1:
 125  0154  0003        	ret
 125  0155              _init_HT16K33 endp
 125  0155              #line 125 "C:\UC_MCU-Develop\UC_F5660_main.c"
 125  0155              #pragma debug scope 1 1
 125  0155              public _UC_HT16K33
 125  0155              #pragma debug scope 4 1
  34  0155              #line 34 "C:\UC_MCU-Develop\UC_F5660_main.c"
  34  0000              _UC_HT16K33 .section 'code'
  34  0000              _UC_HT16K33 proc
  35  0000              #line 35 "C:\UC_MCU-Develop\UC_F5660_main.c"
  35  0000              	fcall _init_HT16K33
  36  0007              #line 36 "C:\UC_MCU-Develop\UC_F5660_main.c"
  36  0007              ;# 36 "C:\UC_MCU-Develop\UC_F5660_main.c" 1
  36  0007              	IF 20>263690
  36  0007              ;# 36 "C:\UC_MCU-Develop\UC_F5660_main.c" 1
  36  0007              	ERRMESSAGE 'the value 20of the argument exceeds the maxinum 263690'
  36  0007              	ENDIF
  36  0007              ;# 36 "C:\UC_MCU-Develop\UC_F5660_main.c" 1
  36  0007              	IF 20<0
  36  0007              ;# 36 "C:\UC_MCU-Develop\UC_F5660_main.c" 1
  36  0007              	ERRMESSAGE 'the value 20 of the argument exceeds the mininum 0'
  36  0007              	ENDIF
  36  0007              ;# 36 "C:\UC_MCU-Develop\UC_F5660_main.c" 1
  36  0007              	IF 20==0
  36  0007              ;# 36 "C:\UC_MCU-Develop\UC_F5660_main.c" 1
  36  0007              	JMP $
  36  0007              	ENDIF
  36  0007              ;# 36 "C:\UC_MCU-Develop\UC_F5660_main.c" 1
  36  0007              	IF (20>=1) AND (20<( 4 + __PBP__ * 2))
  36  0007              ;# 36 "C:\UC_MCU-Develop\UC_F5660_main.c" 1
  36  0007              	NOP
  36  0007              	ENDIF
"File: UC_F5660_main.c  Assembler  Version HGASM0202      Page 7

  36  0007              ;# 36 "C:\UC_MCU-Develop\UC_F5660_main.c" 1
  36  0007              	IF (20>=2) AND (20<( 4 + __PBP__ * 2))
  36  0007              ;# 36 "C:\UC_MCU-Develop\UC_F5660_main.c" 1
  36  0007              	NOP
  36  0007              	ENDIF
  36  0007              ;# 36 "C:\UC_MCU-Develop\UC_F5660_main.c" 1
  36  0007              	IF (20>=3) AND (20<( 4 + __PBP__ * 2))
  36  0007              ;# 36 "C:\UC_MCU-Develop\UC_F5660_main.c" 1
  36  0007              	NOP
  36  0007              	ENDIF
  36  0007              ;# 36 "C:\UC_MCU-Develop\UC_F5660_main.c" 1
  36  0007              	IF (20>=4) AND (20<( 4 + __PBP__ * 2)) AND ( __PBP__ > 0 )
  36  0007              ;# 36 "C:\UC_MCU-Develop\UC_F5660_main.c" 1
  36  0007              	NOP
  36  0007              	ENDIF
  36  0007              ;# 36 "C:\UC_MCU-Develop\UC_F5660_main.c" 1
  36  0007              	IF (20>=5) AND (20<( 4 + __PBP__ * 2)) AND ( __PBP__ > 0 )
  36  0007              ;# 36 "C:\UC_MCU-Develop\UC_F5660_main.c" 1
  36  0007              	NOP
  36  0007              	ENDIF
  36  0007              ;# 36 "C:\UC_MCU-Develop\UC_F5660_main.c" 1
  36  0007              	IF (20>=6) AND (20<( 4 + __PBP__ * 2))  AND ( __PBP__ > 1 )
  36  0007              ;# 36 "C:\UC_MCU-Develop\UC_F5660_main.c" 1
  36  0007              	NOP
  36  0007              	ENDIF
  36  0007              ;# 36 "C:\UC_MCU-Develop\UC_F5660_main.c" 1
  36  0007              	IF (20>=7) AND (20<( 4 + __PBP__ * 2))  AND ( __PBP__ > 1 )
  36  0007              ;# 36 "C:\UC_MCU-Develop\UC_F5660_main.c" 1
  36  0007              	NOP
  36  0007              	ENDIF
  36  0007              ;# 36 "C:\UC_MCU-Develop\UC_F5660_main.c" 1
  36  0007              	IF (20>=8) AND (20<( 4 + __PBP__ * 2))  AND ( __PBP__ > 2 )
  36  0007              ;# 36 "C:\UC_MCU-Develop\UC_F5660_main.c" 1
  36  0007              	NOP
  36  0007              	ENDIF
  36  0007              ;# 36 "C:\UC_MCU-Develop\UC_F5660_main.c" 1
  36  0007              	IF (20==9)  AND ( __PBP__ > 2 )
  36  0007              ;# 36 "C:\UC_MCU-Develop\UC_F5660_main.c" 1
  36  0007              	NOP
  36  0007              	ENDIF
  36  0007              ;# 36 "C:\UC_MCU-Develop\UC_F5660_main.c" 1
  36  0007              	IF (20< ( 8 + __PBP__ * 2)) AND (20>( 3 + __PBP__ * 2))
  36  0007              ;# 36 "C:\UC_MCU-Develop\UC_F5660_main.c" 1
  36  0007              	fcall __DELAY3 + ( 7 + __PBP__ * 2) -20
  36  0007              	ENDIF
  36  0007              ;# 36 "C:\UC_MCU-Develop\UC_F5660_main.c" 1
  36  0007              	IF (20< ( 0404h + __PBP__ * 2)) AND (20>( 7 + __PBP__ * 2))
  36  0007              ;# 36 "C:\UC_MCU-Develop\UC_F5660_main.c" 1
  36  0007  0F03        	MOV A,(20-( 4 + __PBP__ * 2))/4
  36  0008              ;# 36 "C:\UC_MCU-Develop\UC_F5660_main.c" 1
  36  0008              	fcall __DELAYX3 + 3 -((20-( 4 + __PBP__ * 2)) MOD 4) 
  36  000F              	ENDIF
  36  000F              ;# 36 "C:\UC_MCU-Develop\UC_F5660_main.c" 1
  36  000F              	IF (20< ( 040bh + __PBP__ * 2)) AND (20> ( 0403h + __PBP__ * 2))
  36  000F              ;# 36 "C:\UC_MCU-Develop\UC_F5660_main.c" 1
  36  000F              	MOV A,0 
  36  000F              ;# 36 "C:\UC_MCU-Develop\UC_F5660_main.c" 1
  36  000F              	fcall __DELAYX6 + ( 040ah + __PBP__ * 2) -20
  36  000F              	ENDIF
  36  000F              ;# 36 "C:\UC_MCU-Develop\UC_F5660_main.c" 1
"File: UC_F5660_main.c  Assembler  Version HGASM0202      Page 8

  36  000F              	IF (20 >= ( 040bh + __PBP__ * 2)) AND ((((20-( 9 + __PBP__ * 2))%0402h)/4+1)>256)
  36  000F              ;# 36 "C:\UC_MCU-Develop\UC_F5660_main.c" 1
  36  000F              	MOV A,(20-( 9 + __PBP__ * 2))/0402h
  36  000F              ;# 36 "C:\UC_MCU-Develop\UC_F5660_main.c" 1
  36  000F              	MOV _builtin_holtek_delay_2,A
  36  000F              ;# 36 "C:\UC_MCU-Develop\UC_F5660_main.c" 1
  36  000F              	MOV A,0
  36  000F              ;# 36 "C:\UC_MCU-Develop\UC_F5660_main.c" 1
  36  000F              	fcall __DELAYY5 +5- (((20-( 9 + __PBP__ * 2))%0402h)%6) 
  36  000F              	ENDIF
  36  000F              ;# 36 "C:\UC_MCU-Develop\UC_F5660_main.c" 1
  36  000F              	IF (20 >= ( 040bh + __PBP__ * 2)) AND ((((20-( 9 + __PBP__ * 2))%0402h)/4+1)<=256)
  36  000F              ;# 36 "C:\UC_MCU-Develop\UC_F5660_main.c" 1
  36  000F              	MOV A,(20-( 9 + __PBP__ * 2))/0402h
  36  000F              ;# 36 "C:\UC_MCU-Develop\UC_F5660_main.c" 1
  36  000F              	MOV _builtin_holtek_delay_2,A
  36  000F              ;# 36 "C:\UC_MCU-Develop\UC_F5660_main.c" 1
  36  000F              	MOV A,((20-( 9 + __PBP__ * 2))%0402h)/4+1
  36  000F              ;# 36 "C:\UC_MCU-Develop\UC_F5660_main.c" 1
  36  000F              	fcall __DELAYY3 +3-(((20-( 9 + __PBP__ * 2))%0402h)%4) 
  36  000F              	ENDIF
  36  000F  0003        	ret
  36  0010              _UC_HT16K33 endp
  36  0010              #line 36 "C:\UC_MCU-Develop\UC_F5660_main.c"
  36  0010              #pragma debug scope 1 1
  36  0010              ___wdtc equ [42]
  36  0010              ___tbc equ [39]
  36  0010              ___pcpu equ [31]
  36  0010              ___pcc equ [33]
  36  0010              ___pc equ [32]
  36  0010              public _main
  36  0010              #pragma debug scope 5 1
  14  0010              #line 14 "C:\UC_MCU-Develop\UC_F5660_main.c"
  14  0010              IFDEF WITH_DEFAULT_STARTUP
  14  0010              extern _main_initial0:near
  14  0010              extern _main_startup:near
  14  0010              ENDIF
  14  0010              
  14  0010              ROMBANK 0 @start
  14  0000              @start .section com_l 'code'
  14  0000              _main_startup1:
  14  0000              @start .section com_e 'code'
  14  0000  0F00     R  	mov a,bank _main
  14  0001  008B        	mov bp,a
  14  0002  2800     R  	jmp _main
  14  0003              
  14  0000              _main .section 'code'
  14  0000              _main proc
  14  0000              #pragma debug scope 6 5
  14  0000              ;begin block, line: 14.-1
  14  0000              #pragma debug scope 7 6
  14  0000              ;begin block, line: 14.-1
 195  0000              #line 195 "C:\UC_MCU-Develop\UC_F5660_main.c"
 195  0000  0FA8        	mov a,168
 195  0001  00AA        	mov [42],a
 195  0002              #pragma debug scope 6 5
 195  0002              #pragma debug scope 5 1
  18  0002              #line 18 "C:\UC_MCU-Develop\UC_F5660_main.c"
  18  0002              	fcall _TimeBase_Init
  19  0009              #line 19 "C:\UC_MCU-Develop\UC_F5660_main.c"
"File: UC_F5660_main.c  Assembler  Version HGASM0202      Page 9

  19  0009  33A7        	set [39].7
  21  000A              #line 21 "C:\UC_MCU-Develop\UC_F5660_main.c"
  21  000A  301F        	set [31].0
  22  000B              #line 22 "C:\UC_MCU-Develop\UC_F5660_main.c"
  22  000B  319F        	set [31].3
  23  000C              #line 23 "C:\UC_MCU-Develop\UC_F5660_main.c"
  23  000C  31A1        	set [33].3
  24  000D              #line 24 "C:\UC_MCU-Develop\UC_F5660_main.c"
  24  000D  1F00     R  	clr _Receive_ACK[0]
  24  000E  3DA0        	sz [32].3
  24  000F  1480     R  	inc _Receive_ACK[0]
  25  0010              #line 25 "C:\UC_MCU-Develop\UC_F5660_main.c"
  25  0010              ;# 25 "C:\UC_MCU-Develop\UC_F5660_main.c" 1
  25  0010              	IF 10>263690
  25  0010              ;# 25 "C:\UC_MCU-Develop\UC_F5660_main.c" 1
  25  0010              	ERRMESSAGE 'the value 10of the argument exceeds the maxinum 263690'
  25  0010              	ENDIF
  25  0010              ;# 25 "C:\UC_MCU-Develop\UC_F5660_main.c" 1
  25  0010              	IF 10<0
  25  0010              ;# 25 "C:\UC_MCU-Develop\UC_F5660_main.c" 1
  25  0010              	ERRMESSAGE 'the value 10 of the argument exceeds the mininum 0'
  25  0010              	ENDIF
  25  0010              ;# 25 "C:\UC_MCU-Develop\UC_F5660_main.c" 1
  25  0010              	IF 10==0
  25  0010              ;# 25 "C:\UC_MCU-Develop\UC_F5660_main.c" 1
  25  0010              	JMP $
  25  0010              	ENDIF
  25  0010              ;# 25 "C:\UC_MCU-Develop\UC_F5660_main.c" 1
  25  0010              	IF (10>=1) AND (10<( 4 + __PBP__ * 2))
  25  0010              ;# 25 "C:\UC_MCU-Develop\UC_F5660_main.c" 1
  25  0010              	NOP
  25  0010              	ENDIF
  25  0010              ;# 25 "C:\UC_MCU-Develop\UC_F5660_main.c" 1
  25  0010              	IF (10>=2) AND (10<( 4 + __PBP__ * 2))
  25  0010              ;# 25 "C:\UC_MCU-Develop\UC_F5660_main.c" 1
  25  0010              	NOP
  25  0010              	ENDIF
  25  0010              ;# 25 "C:\UC_MCU-Develop\UC_F5660_main.c" 1
  25  0010              	IF (10>=3) AND (10<( 4 + __PBP__ * 2))
  25  0010              ;# 25 "C:\UC_MCU-Develop\UC_F5660_main.c" 1
  25  0010              	NOP
  25  0010              	ENDIF
  25  0010              ;# 25 "C:\UC_MCU-Develop\UC_F5660_main.c" 1
  25  0010              	IF (10>=4) AND (10<( 4 + __PBP__ * 2)) AND ( __PBP__ > 0 )
  25  0010              ;# 25 "C:\UC_MCU-Develop\UC_F5660_main.c" 1
  25  0010              	NOP
  25  0010              	ENDIF
  25  0010              ;# 25 "C:\UC_MCU-Develop\UC_F5660_main.c" 1
  25  0010              	IF (10>=5) AND (10<( 4 + __PBP__ * 2)) AND ( __PBP__ > 0 )
  25  0010              ;# 25 "C:\UC_MCU-Develop\UC_F5660_main.c" 1
  25  0010              	NOP
  25  0010              	ENDIF
  25  0010              ;# 25 "C:\UC_MCU-Develop\UC_F5660_main.c" 1
  25  0010              	IF (10>=6) AND (10<( 4 + __PBP__ * 2))  AND ( __PBP__ > 1 )
  25  0010              ;# 25 "C:\UC_MCU-Develop\UC_F5660_main.c" 1
  25  0010              	NOP
  25  0010              	ENDIF
  25  0010              ;# 25 "C:\UC_MCU-Develop\UC_F5660_main.c" 1
  25  0010              	IF (10>=7) AND (10<( 4 + __PBP__ * 2))  AND ( __PBP__ > 1 )
  25  0010              ;# 25 "C:\UC_MCU-Develop\UC_F5660_main.c" 1
"File: UC_F5660_main.c  Assembler  Version HGASM0202      Page 10

  25  0010              	NOP
  25  0010              	ENDIF
  25  0010              ;# 25 "C:\UC_MCU-Develop\UC_F5660_main.c" 1
  25  0010              	IF (10>=8) AND (10<( 4 + __PBP__ * 2))  AND ( __PBP__ > 2 )
  25  0010              ;# 25 "C:\UC_MCU-Develop\UC_F5660_main.c" 1
  25  0010              	NOP
  25  0010              	ENDIF
  25  0010              ;# 25 "C:\UC_MCU-Develop\UC_F5660_main.c" 1
  25  0010              	IF (10==9)  AND ( __PBP__ > 2 )
  25  0010              ;# 25 "C:\UC_MCU-Develop\UC_F5660_main.c" 1
  25  0010              	NOP
  25  0010              	ENDIF
  25  0010              ;# 25 "C:\UC_MCU-Develop\UC_F5660_main.c" 1
  25  0010              	IF (10< ( 8 + __PBP__ * 2)) AND (10>( 3 + __PBP__ * 2))
  25  0010              ;# 25 "C:\UC_MCU-Develop\UC_F5660_main.c" 1
  25  0010              	fcall __DELAY3 + ( 7 + __PBP__ * 2) -10
  25  0010              	ENDIF
  25  0010              ;# 25 "C:\UC_MCU-Develop\UC_F5660_main.c" 1
  25  0010              	IF (10< ( 0404h + __PBP__ * 2)) AND (10>( 7 + __PBP__ * 2))
  25  0010              ;# 25 "C:\UC_MCU-Develop\UC_F5660_main.c" 1
  25  0010  0F01        	MOV A,(10-( 4 + __PBP__ * 2))/4
  25  0011              ;# 25 "C:\UC_MCU-Develop\UC_F5660_main.c" 1
  25  0011              	fcall __DELAYX3 + 3 -((10-( 4 + __PBP__ * 2)) MOD 4) 
  25  0018              	ENDIF
  25  0018              ;# 25 "C:\UC_MCU-Develop\UC_F5660_main.c" 1
  25  0018              	IF (10< ( 040bh + __PBP__ * 2)) AND (10> ( 0403h + __PBP__ * 2))
  25  0018              ;# 25 "C:\UC_MCU-Develop\UC_F5660_main.c" 1
  25  0018              	MOV A,0 
  25  0018              ;# 25 "C:\UC_MCU-Develop\UC_F5660_main.c" 1
  25  0018              	fcall __DELAYX6 + ( 040ah + __PBP__ * 2) -10
  25  0018              	ENDIF
  25  0018              ;# 25 "C:\UC_MCU-Develop\UC_F5660_main.c" 1
  25  0018              	IF (10 >= ( 040bh + __PBP__ * 2)) AND ((((10-( 9 + __PBP__ * 2))%0402h)/4+1)>256)
  25  0018              ;# 25 "C:\UC_MCU-Develop\UC_F5660_main.c" 1
  25  0018              	MOV A,(10-( 9 + __PBP__ * 2))/0402h
  25  0018              ;# 25 "C:\UC_MCU-Develop\UC_F5660_main.c" 1
  25  0018              	MOV _builtin_holtek_delay_2,A
  25  0018              ;# 25 "C:\UC_MCU-Develop\UC_F5660_main.c" 1
  25  0018              	MOV A,0
  25  0018              ;# 25 "C:\UC_MCU-Develop\UC_F5660_main.c" 1
  25  0018              	fcall __DELAYY5 +5- (((10-( 9 + __PBP__ * 2))%0402h)%6) 
  25  0018              	ENDIF
  25  0018              ;# 25 "C:\UC_MCU-Develop\UC_F5660_main.c" 1
  25  0018              	IF (10 >= ( 040bh + __PBP__ * 2)) AND ((((10-( 9 + __PBP__ * 2))%0402h)/4+1)<=256)
  25  0018              ;# 25 "C:\UC_MCU-Develop\UC_F5660_main.c" 1
  25  0018              	MOV A,(10-( 9 + __PBP__ * 2))/0402h
  25  0018              ;# 25 "C:\UC_MCU-Develop\UC_F5660_main.c" 1
  25  0018              	MOV _builtin_holtek_delay_2,A
  25  0018              ;# 25 "C:\UC_MCU-Develop\UC_F5660_main.c" 1
  25  0018              	MOV A,((10-( 9 + __PBP__ * 2))%0402h)/4+1
  25  0018              ;# 25 "C:\UC_MCU-Develop\UC_F5660_main.c" 1
  25  0018              	fcall __DELAYY3 +3-(((10-( 9 + __PBP__ * 2))%0402h)%4) 
  25  0018              	ENDIF
  27  0018              #line 27 "C:\UC_MCU-Develop\UC_F5660_main.c"
  27  0018              	fcall _UC_HT16K33
  27  001F  2800     R  	jmp $
  27  0020              _main endp
  27  0020              
  27  0020              @dummy endp
  27  0020              
"File: UC_F5660_main.c  Assembler  Version HGASM0202      Page 11

  27  0020              #line 27 "C:\UC_MCU-Develop\UC_F5660_main.c"
  27  0020              #pragma debug scope 1 1
  27  0020              public _HT16K33_LED_ON
  27  0020              #pragma debug scope 8 1
 136  0020              #line 136 "C:\UC_MCU-Develop\UC_F5660_main.c"
 136  0000              _HT16K33_LED_ON .section 'code'
 136  0000              _HT16K33_LED_ON proc
 136  0000  00              local _HT16K33_LED_ON_2 db 1 dup(?)	; 0,1
 138  0001              #line 138 "C:\UC_MCU-Develop\UC_F5660_main.c"
 138  0000              	fcall _i2c_start
 139  0007              #line 139 "C:\UC_MCU-Develop\UC_F5660_main.c"
 139  0007  0FC0        	mov a,192
 139  0008              	fcall _i2c_write
 140  000F              #line 140 "C:\UC_MCU-Develop\UC_F5660_main.c"
 140  000F              	fcall _i2c_read_ACK
 140  0016  0080     E  	mov ra,a
 140  0017  1E00     E  	snz ra
 140  0018  2800     R  	jmp _L28
 140  0019              _L31:
 158  0019              #line 158 "C:\UC_MCU-Develop\UC_F5660_main.c"
 158  0019              	fcall _i2c_start
 159  0020              #line 159 "C:\UC_MCU-Develop\UC_F5660_main.c"
 159  0020  0FC0        	mov a,192
 159  0021              	fcall _i2c_write
 160  0028              #line 160 "C:\UC_MCU-Develop\UC_F5660_main.c"
 160  0028              	fcall _i2c_read_ACK
 160  002F  0080     E  	mov ra,a
 160  0030  1080     E  	sz ra
 160  0031  2800     R  	jmp _L27
 160  0032  2800     R  	jmp _L38
 160  0033              _L28:
 142  0033              #line 142 "C:\UC_MCU-Develop\UC_F5660_main.c"
 142  0033  0F00        	mov a,0
 142  0034              	fcall _i2c_write
 143  003B              #line 143 "C:\UC_MCU-Develop\UC_F5660_main.c"
 143  003B              	fcall _i2c_read_ACK
 143  0042  0080     E  	mov ra,a
 143  0043  1080     E  	sz ra
 143  0044  2800     R  	jmp _L31
 143  0045  0F06        	mov a,6
 143  0046  0080     R  	mov _HT16K33_LED_ON_2[0],a
 143  0047              _L33:
 143  0047              #pragma debug scope 9 8
 143  0047              ;begin block, line: 143.-1
 148  0047              #line 148 "C:\UC_MCU-Develop\UC_F5660_main.c"
 148  0047  0FFF        	mov a,255
 148  0048              	fcall _i2c_write
 149  004F              #line 149 "C:\UC_MCU-Develop\UC_F5660_main.c"
 149  004F              	fcall _i2c_read_ACK
 149  0056  0080     E  	mov ra,a
 149  0057  1080     E  	sz ra
 149  0058  2800     R  	jmp _L32
 151  0059              #line 151 "C:\UC_MCU-Develop\UC_F5660_main.c"
 151  0059  0F03        	mov a,3
 151  005A              	fcall _i2c_write
 151  0061              _L32:
 151  0061  1780     R  	sdz _HT16K33_LED_ON_2[0]
 151  0062  2800     R  	jmp _L33
 151  0063  2800     R  	jmp _L31
 151  0064              _L38:
"File: UC_F5660_main.c  Assembler  Version HGASM0202      Page 12

 151  0064              #pragma debug scope 8 1
 162  0064              #line 162 "C:\UC_MCU-Develop\UC_F5660_main.c"
 162  0064  0F80        	mov a,128
 162  0065              	fcall _i2c_write
 163  006C              #line 163 "C:\UC_MCU-Develop\UC_F5660_main.c"
 163  006C              	fcall _i2c_read_ACK
 163  0073  0080     E  	mov ra,a
 163  0074  1080     E  	sz ra
 163  0075  2800     R  	jmp _L27
 165  0076              #line 165 "C:\UC_MCU-Develop\UC_F5660_main.c"
 165  0076  0F81        	mov a,129
 165  0077              	fcall _i2c_write
 166  007E              #line 166 "C:\UC_MCU-Develop\UC_F5660_main.c"
 166  007E              	fcall _i2c_read_ACK
 166  0085  0080     E  	mov ra,a
 166  0086  1080     E  	sz ra
 166  0087  2800     R  	jmp _L27
 168  0088              #line 168 "C:\UC_MCU-Develop\UC_F5660_main.c"
 168  0088              	fcall _i2c_stop
 168  008F              _L27:
 168  008F  0003        	ret
 168  0090              _HT16K33_LED_ON endp
 168  0090              #line 168 "C:\UC_MCU-Develop\UC_F5660_main.c"
 168  0090              #pragma debug scope 1 1
 168  0090              public _UC_Watchdog
 168  0090              #pragma debug scope 10 1
 178  0090              #line 178 "C:\UC_MCU-Develop\UC_F5660_main.c"
 178  0000              _UC_Watchdog .section 'code'
 178  0000              _UC_Watchdog proc
 178  0000              public _UC_Watchdog_2
 178  0000  0002[           local _UC_Watchdog_2 db 2 dup(?)	; 2,0
            00
            ]
 178  0002              #pragma debug variable 12 10 _UC_Watchdog_2+0 "Watchdog"
 180  0002              #line 180 "C:\UC_MCU-Develop\UC_F5660_main.c"
 180  0000  0700     R  	mov a,_UC_Watchdog_2[0]
 180  0001  0C01        	xor a,1
 180  0002  0500     R  	or a,_UC_Watchdog_2[1]
 180  0003  390A        	snz z
 180  0004  2800     R  	jmp _L40
 181  0005              #line 181 "C:\UC_MCU-Develop\UC_F5660_main.c"
 181  0005  37AA        	clr [42].7
 182  0006              #line 182 "C:\UC_MCU-Develop\UC_F5660_main.c"
 182  0006  332A        	set [42].6
 183  0007              #line 183 "C:\UC_MCU-Develop\UC_F5660_main.c"
 183  0007  36AA        	clr [42].5
 184  0008              #line 184 "C:\UC_MCU-Develop\UC_F5660_main.c"
 184  0008  322A        	set [42].4
 185  0009              #line 185 "C:\UC_MCU-Develop\UC_F5660_main.c"
 185  0009  35AA        	clr [42].3
 188  000A              #line 188 "C:\UC_MCU-Develop\UC_F5660_main.c"
 188  000A  352A        	clr [42].2
 189  000B              #line 189 "C:\UC_MCU-Develop\UC_F5660_main.c"
 189  000B  34AA        	clr [42].1
 190  000C              #line 190 "C:\UC_MCU-Develop\UC_F5660_main.c"
 190  000C  342A        	clr [42].0
 191  000D              #line 191 "C:\UC_MCU-Develop\UC_F5660_main.c"
 191  000D  2800     R  	jmp _L39
 191  000E              _L40:
 195  000E              #line 195 "C:\UC_MCU-Develop\UC_F5660_main.c"
"File: UC_F5660_main.c  Assembler  Version HGASM0202      Page 13

 195  000E  0FA8        	mov a,168
 195  000F  00AA        	mov [42],a
 195  0010              _L39:
 195  0010  0003        	ret
 195  0011              _UC_Watchdog endp
 195  0011              #line 195 "C:\UC_MCU-Develop\UC_F5660_main.c"
 195  0011              #pragma debug scope 1 1
 195  0011              public _Receive_ACK
 195  0000              @HCCINIT	.section 'data'
  12  0000              #line 12 "C:\UC_MCU-Develop\UC_F5660_main.c"
  12  0000              @HCCINIT_Receive_ACK .section 'data'
  12  0000              _Receive_ACK label byte
  12  0000              #pragma debug variable 8 1 _Receive_ACK "Receive_ACK"
  12  0000              	db 1
  12  0000              @ROMDATA_BASE .section inpage 'code'
  12  0000              	db 1
  12  0001              @HCCINIT_Receive_ACK .section 'data'
  12  0001              #pragma debug struct_end
  12  0001              #pragma debug struct_end
  12  0001              #pragma debug union_end
  12  0001              #pragma debug union_end
  12  0001              #pragma debug variable 43 1 ___pcpu "__pcpu" 1
  12  0001              #pragma debug struct_end
  12  0001              #pragma debug struct_end
  12  0001              #pragma debug union_end
  12  0001              #pragma debug union_end
  12  0001              #pragma debug variable 45 1 ___pc "__pc" 1
  12  0001              #pragma debug struct_end
  12  0001              #pragma debug struct_end
  12  0001              #pragma debug union_end
  12  0001              #pragma debug union_end
  12  0001              #pragma debug variable 47 1 ___pcc "__pcc" 1
  12  0001              #pragma debug struct_end
  12  0001              #pragma debug struct_end
  12  0001              #pragma debug union_end
  12  0001              #pragma debug union_end
  12  0001              #pragma debug variable 49 1 ___tbc "__tbc" 1
  12  0001              #pragma debug struct_end
  12  0001              #pragma debug struct_end
  12  0001              #pragma debug union_end
  12  0001              #pragma debug union_end
  12  0001              #pragma debug variable 51 1 ___wdtc "__wdtc" 1
  14  0001              #line 14 "C:\UC_MCU-Develop\UC_F5660_main.c"
  14  0000              @code .section at 0 'code'
  14  0000  1F0B        	clr bp
  14  0001  2800     R  	jmp _main_startup1
  14  0002              
  14  0002              extern _i2c_init:near
  14  0002              extern _i2c_start:near
  14  0002              extern _i2c_write:near
  14  0002              extern _i2c_read_ACK:near
  14  0002              extern _i2c_stop:near
  14  0002              extern _TimeBase_Init:near
  14  0002              
  14  0002              ; 
  14  0002              ; Generated by holtek-gcc v3.19, Fri Sep 11 16:07:42 2020
  14  0002              ; Rebuild 718
  14  0002              ; end of file


"File: UC_F5660_main.c  Assembler  Version HGASM0202      Page 14

        0 Errors, 0