"File: UC_I2C.c      Assembler  Version HGASM0202      Page 1


   1  0000              ; Generated by holtek-gcc v3.20, Thu Aug 27 18:14:53 2020
   2  0000              ; 
   3  0000              ; Configuration:
   4  0000              ;       with long instruction
   5  0000              ;       Multi-ROM, Multi-RAM
   6  0000              ;       bits_per_rom_unit:16
   7  0000              ;       with mp1
   8  0000              ;       with tbhp, address(0x9)
   9  0000              ;          Use tabrd-const
  10  0000              ;       
  11  0000              ; SFR address of long-instruction arch:
  12  0000              ;    mp0 = -1,1,0
  13  0000              ;    mp1 = 4,3,2
  14  0000              ;    mp2 = 14,13,12
  15  0000              ;    tbp = 9,7,8
  16  0000              ;    acc = 5
  17  0000              ;    pcl = 6
  18  0000              ;    status = 10
  19  0000              ;    bp = 11
  20  0000              ;    intc = 16
  21  0000              ;       
  22  0000              ;       
  23  0000              ; use 'tabrdc' instead of 'tabrd'
  24  0000              ;       
  25  0000              
  26  0000              #pragma translator "holtek-gcc 4.6.4" "3.20" "build 20130711"
  27  0000              ; Rebuild 610
  28  0000              
  29  0000              ir equ [2]
  30  0000              mp equ [3]
  31  0000              sbp equ [4]
  32  0000              acc equ [5]
  33  0000              bp equ [11]
  34  0000              tblp equ [7]
  35  0000              tbhp equ [9]
  36  0000              status equ [10]
  37  0000              c equ [10].0
  38  0000              ac equ [10].1
  39  0000              z equ [10].2
  40  0000              ov equ [10].3
  41  0000              cz equ [10].6
  42  0000              sc equ [10].7
  43  0000              intc equ [16]
  44  0000              
  45  0000              extern ra:byte
  46  0000              extern rb:byte
  47  0000              extern rc:byte
  48  0000              extern rd:byte
  49  0000              extern re:byte
  50  0000              extern rf:byte
  51  0000              extern rg:byte
  52  0000              extern rh:byte
  53  0000              extern _Crom2Prom:near
  54  0000              extern _Crom2PromNext:near
  55  0000              
  56  0000              RAMBANK 0 @BITDATASEC, @BITDATASEC1
  57  0000              @HCCINIT	.section 'data'
  58  0000              @HCCINIT0	.section 'data'
  59  0000              @BITDATASEC	 .section 'data'
"File: UC_I2C.ASM    Assembler  Version HGASM0202      Page 2

  60  0000              @BITDATASEC1	 .section 'data'
  61  0000              
  62  0000              #pragma debug scope 1 1
  63  0000              	extern __DELAY3:near
  64  0000              	extern __DELAYX3:near
  65  0000              	extern __DELAYX6:near
  66  0000              	extern __DELAYY5:near
  67  0000              	extern __DELAYY3:near
  68  0000              	extern _builtin_holtek_delay_2:byte
  69  0000              ___pcpu equ [31]
  70  0000              ___pcc equ [33]
  71  0000              public _i2c_init
  72  0000              #pragma debug scope 2 1

  11  0000              #line 11 "C:\HT-3000\UC_F5660\src\UC_I2C.c"
  11  0000              _i2c_init .section 'code'
  11  0000              _i2c_init proc
  12  0000              #line 12 "C:\HT-3000\UC_F5660\src\UC_I2C.c"
  12  0000  301F        	set [31].0
  13  0001              #line 13 "C:\HT-3000\UC_F5660\src\UC_I2C.c"
  13  0001  3021        	set [33].0
  14  0002              #line 14 "C:\HT-3000\UC_F5660\src\UC_I2C.c"
  14  0002  319F        	set [31].3
  15  0003              #line 15 "C:\HT-3000\UC_F5660\src\UC_I2C.c"
  15  0003  31A1        	set [33].3
  16  0004              #line 16 "C:\HT-3000\UC_F5660\src\UC_I2C.c"
  16  0004              ;# 16 "C:\HT-3000\UC_F5660\src\UC_I2C.c" 1
  16  0004              	IF 20>263690
  16  0004              ;# 16 "C:\HT-3000\UC_F5660\src\UC_I2C.c" 1
  16  0004              	ERRMESSAGE 'the value 20of the argument exceeds the maxinum 263690'
  16  0004              	ENDIF
  16  0004              ;# 16 "C:\HT-3000\UC_F5660\src\UC_I2C.c" 1
  16  0004              	IF 20<0
  16  0004              ;# 16 "C:\HT-3000\UC_F5660\src\UC_I2C.c" 1
  16  0004              	ERRMESSAGE 'the value 20 of the argument exceeds the mininum 0'
  16  0004              	ENDIF
  16  0004              ;# 16 "C:\HT-3000\UC_F5660\src\UC_I2C.c" 1
  16  0004              	IF 20==0
  16  0004              ;# 16 "C:\HT-3000\UC_F5660\src\UC_I2C.c" 1
  16  0004              	JMP $
  16  0004              	ENDIF
  16  0004              ;# 16 "C:\HT-3000\UC_F5660\src\UC_I2C.c" 1
  16  0004              	IF (20>=1) AND (20<( 4 + __PBP__ * 2))
  16  0004              ;# 16 "C:\HT-3000\UC_F5660\src\UC_I2C.c" 1
  16  0004              	NOP
  16  0004              	ENDIF
  16  0004              ;# 16 "C:\HT-3000\UC_F5660\src\UC_I2C.c" 1
  16  0004              	IF (20>=2) AND (20<( 4 + __PBP__ * 2))
  16  0004              ;# 16 "C:\HT-3000\UC_F5660\src\UC_I2C.c" 1
  16  0004              	NOP
  16  0004              	ENDIF
  16  0004              ;# 16 "C:\HT-3000\UC_F5660\src\UC_I2C.c" 1
  16  0004              	IF (20>=3) AND (20<( 4 + __PBP__ * 2))
  16  0004              ;# 16 "C:\HT-3000\UC_F5660\src\UC_I2C.c" 1
  16  0004              	NOP
  16  0004              	ENDIF
  16  0004              ;# 16 "C:\HT-3000\UC_F5660\src\UC_I2C.c" 1
  16  0004              	IF (20>=4) AND (20<( 4 + __PBP__ * 2)) AND ( __PBP__ > 0 )
  16  0004              ;# 16 "C:\HT-3000\UC_F5660\src\UC_I2C.c" 1
  16  0004              	NOP
"File: UC_I2C.c      Assembler  Version HGASM0202      Page 3

  16  0004              	ENDIF
  16  0004              ;# 16 "C:\HT-3000\UC_F5660\src\UC_I2C.c" 1
  16  0004              	IF (20>=5) AND (20<( 4 + __PBP__ * 2)) AND ( __PBP__ > 0 )
  16  0004              ;# 16 "C:\HT-3000\UC_F5660\src\UC_I2C.c" 1
  16  0004              	NOP
  16  0004              	ENDIF
  16  0004              ;# 16 "C:\HT-3000\UC_F5660\src\UC_I2C.c" 1
  16  0004              	IF (20>=6) AND (20<( 4 + __PBP__ * 2))  AND ( __PBP__ > 1 )
  16  0004              ;# 16 "C:\HT-3000\UC_F5660\src\UC_I2C.c" 1
  16  0004              	NOP
  16  0004              	ENDIF
  16  0004              ;# 16 "C:\HT-3000\UC_F5660\src\UC_I2C.c" 1
  16  0004              	IF (20>=7) AND (20<( 4 + __PBP__ * 2))  AND ( __PBP__ > 1 )
  16  0004              ;# 16 "C:\HT-3000\UC_F5660\src\UC_I2C.c" 1
  16  0004              	NOP
  16  0004              	ENDIF
  16  0004              ;# 16 "C:\HT-3000\UC_F5660\src\UC_I2C.c" 1
  16  0004              	IF (20>=8) AND (20<( 4 + __PBP__ * 2))  AND ( __PBP__ > 2 )
  16  0004              ;# 16 "C:\HT-3000\UC_F5660\src\UC_I2C.c" 1
  16  0004              	NOP
  16  0004              	ENDIF
  16  0004              ;# 16 "C:\HT-3000\UC_F5660\src\UC_I2C.c" 1
  16  0004              	IF (20==9)  AND ( __PBP__ > 2 )
  16  0004              ;# 16 "C:\HT-3000\UC_F5660\src\UC_I2C.c" 1
  16  0004              	NOP
  16  0004              	ENDIF
  16  0004              ;# 16 "C:\HT-3000\UC_F5660\src\UC_I2C.c" 1
  16  0004              	IF (20< ( 8 + __PBP__ * 2)) AND (20>( 3 + __PBP__ * 2))
  16  0004              ;# 16 "C:\HT-3000\UC_F5660\src\UC_I2C.c" 1
  16  0004              	fcall __DELAY3 + ( 7 + __PBP__ * 2) -20
  16  0004              	ENDIF
  16  0004              ;# 16 "C:\HT-3000\UC_F5660\src\UC_I2C.c" 1
  16  0004              	IF (20< ( 0404h + __PBP__ * 2)) AND (20>( 7 + __PBP__ * 2))
  16  0004              ;# 16 "C:\HT-3000\UC_F5660\src\UC_I2C.c" 1
  16  0004  0F03        	MOV A,(20-( 4 + __PBP__ * 2))/4
  16  0005              ;# 16 "C:\HT-3000\UC_F5660\src\UC_I2C.c" 1
  16  0005              	fcall __DELAYX3 + 3 -((20-( 4 + __PBP__ * 2)) MOD 4) 
  16  000C              	ENDIF
  16  000C              ;# 16 "C:\HT-3000\UC_F5660\src\UC_I2C.c" 1
  16  000C              	IF (20< ( 040bh + __PBP__ * 2)) AND (20> ( 0403h + __PBP__ * 2))
  16  000C              ;# 16 "C:\HT-3000\UC_F5660\src\UC_I2C.c" 1
  16  000C              	MOV A,0 
  16  000C              ;# 16 "C:\HT-3000\UC_F5660\src\UC_I2C.c" 1
  16  000C              	fcall __DELAYX6 + ( 040ah + __PBP__ * 2) -20
  16  000C              	ENDIF
  16  000C              ;# 16 "C:\HT-3000\UC_F5660\src\UC_I2C.c" 1
  16  000C              	IF (20 >= ( 040bh + __PBP__ * 2)) AND ((((20-( 9 + __PBP__ * 2))%0402h)/4+1)>256)
  16  000C              ;# 16 "C:\HT-3000\UC_F5660\src\UC_I2C.c" 1
  16  000C              	MOV A,(20-( 9 + __PBP__ * 2))/0402h
  16  000C              ;# 16 "C:\HT-3000\UC_F5660\src\UC_I2C.c" 1
  16  000C              	MOV _builtin_holtek_delay_2,A
  16  000C              ;# 16 "C:\HT-3000\UC_F5660\src\UC_I2C.c" 1
  16  000C              	MOV A,0
  16  000C              ;# 16 "C:\HT-3000\UC_F5660\src\UC_I2C.c" 1
  16  000C              	fcall __DELAYY5 +5- (((20-( 9 + __PBP__ * 2))%0402h)%6) 
  16  000C              	ENDIF
  16  000C              ;# 16 "C:\HT-3000\UC_F5660\src\UC_I2C.c" 1
  16  000C              	IF (20 >= ( 040bh + __PBP__ * 2)) AND ((((20-( 9 + __PBP__ * 2))%0402h)/4+1)<=256)
  16  000C              ;# 16 "C:\HT-3000\UC_F5660\src\UC_I2C.c" 1
  16  000C              	MOV A,(20-( 9 + __PBP__ * 2))/0402h
"File: UC_I2C.c      Assembler  Version HGASM0202      Page 4

  16  000C              ;# 16 "C:\HT-3000\UC_F5660\src\UC_I2C.c" 1
  16  000C              	MOV _builtin_holtek_delay_2,A
  16  000C              ;# 16 "C:\HT-3000\UC_F5660\src\UC_I2C.c" 1
  16  000C              	MOV A,((20-( 9 + __PBP__ * 2))%0402h)/4+1
  16  000C              ;# 16 "C:\HT-3000\UC_F5660\src\UC_I2C.c" 1
  16  000C              	fcall __DELAYY3 +3-(((20-( 9 + __PBP__ * 2))%0402h)%4) 
  16  000C              	ENDIF
  16  000C  0003        	ret
  16  000D              _i2c_init endp
  16  000D              #line 16 "C:\HT-3000\UC_F5660\src\UC_I2C.c"
  16  000D              #pragma debug scope 1 1
  16  000D              ___pc equ [32]
  16  000D              public _i2c_start
  16  000D              #pragma debug scope 3 1
  21  000D              #line 21 "C:\HT-3000\UC_F5660\src\UC_I2C.c"
  21  0000              _i2c_start .section 'code'
  21  0000              _i2c_start proc
  22  0000              #line 22 "C:\HT-3000\UC_F5660\src\UC_I2C.c"
  22  0000  3421        	clr [33].0
  23  0001              #line 23 "C:\HT-3000\UC_F5660\src\UC_I2C.c"
  23  0001  35A1        	clr [33].3
  24  0002              #line 24 "C:\HT-3000\UC_F5660\src\UC_I2C.c"
  24  0002  31A0        	set [32].3
  25  0003              #line 25 "C:\HT-3000\UC_F5660\src\UC_I2C.c"
  25  0003  3020        	set [32].0
  26  0004              #line 26 "C:\HT-3000\UC_F5660\src\UC_I2C.c"
  26  0004              ;# 26 "C:\HT-3000\UC_F5660\src\UC_I2C.c" 1
  26  0004              	IF 5>263690
  26  0004              ;# 26 "C:\HT-3000\UC_F5660\src\UC_I2C.c" 1
  26  0004              	ERRMESSAGE 'the value 5of the argument exceeds the maxinum 263690'
  26  0004              	ENDIF
  26  0004              ;# 26 "C:\HT-3000\UC_F5660\src\UC_I2C.c" 1
  26  0004              	IF 5<0
  26  0004              ;# 26 "C:\HT-3000\UC_F5660\src\UC_I2C.c" 1
  26  0004              	ERRMESSAGE 'the value 5 of the argument exceeds the mininum 0'
  26  0004              	ENDIF
  26  0004              ;# 26 "C:\HT-3000\UC_F5660\src\UC_I2C.c" 1
  26  0004              	IF 5==0
  26  0004              ;# 26 "C:\HT-3000\UC_F5660\src\UC_I2C.c" 1
  26  0004              	JMP $
  26  0004              	ENDIF
  26  0004              ;# 26 "C:\HT-3000\UC_F5660\src\UC_I2C.c" 1
  26  0004              	IF (5>=1) AND (5<( 4 + __PBP__ * 2))
  26  0004              ;# 26 "C:\HT-3000\UC_F5660\src\UC_I2C.c" 1
  26  0004  0000        	NOP
  26  0005              	ENDIF
  26  0005              ;# 26 "C:\HT-3000\UC_F5660\src\UC_I2C.c" 1
  26  0005              	IF (5>=2) AND (5<( 4 + __PBP__ * 2))
  26  0005              ;# 26 "C:\HT-3000\UC_F5660\src\UC_I2C.c" 1
  26  0005  0000        	NOP
  26  0006              	ENDIF
  26  0006              ;# 26 "C:\HT-3000\UC_F5660\src\UC_I2C.c" 1
  26  0006              	IF (5>=3) AND (5<( 4 + __PBP__ * 2))
  26  0006              ;# 26 "C:\HT-3000\UC_F5660\src\UC_I2C.c" 1
  26  0006  0000        	NOP
  26  0007              	ENDIF
  26  0007              ;# 26 "C:\HT-3000\UC_F5660\src\UC_I2C.c" 1
  26  0007              	IF (5>=4) AND (5<( 4 + __PBP__ * 2)) AND ( __PBP__ > 0 )
  26  0007              ;# 26 "C:\HT-3000\UC_F5660\src\UC_I2C.c" 1
  26  0007  0000        	NOP
"File: UC_I2C.c      Assembler  Version HGASM0202      Page 5

  26  0008              	ENDIF
  26  0008              ;# 26 "C:\HT-3000\UC_F5660\src\UC_I2C.c" 1
  26  0008              	IF (5>=5) AND (5<( 4 + __PBP__ * 2)) AND ( __PBP__ > 0 )
  26  0008              ;# 26 "C:\HT-3000\UC_F5660\src\UC_I2C.c" 1
  26  0008  0000        	NOP
  26  0009              	ENDIF
  26  0009              ;# 26 "C:\HT-3000\UC_F5660\src\UC_I2C.c" 1
  26  0009              	IF (5>=6) AND (5<( 4 + __PBP__ * 2))  AND ( __PBP__ > 1 )
  26  0009              ;# 26 "C:\HT-3000\UC_F5660\src\UC_I2C.c" 1
  26  0009              	NOP
  26  0009              	ENDIF
  26  0009              ;# 26 "C:\HT-3000\UC_F5660\src\UC_I2C.c" 1
  26  0009              	IF (5>=7) AND (5<( 4 + __PBP__ * 2))  AND ( __PBP__ > 1 )
  26  0009              ;# 26 "C:\HT-3000\UC_F5660\src\UC_I2C.c" 1
  26  0009              	NOP
  26  0009              	ENDIF
  26  0009              ;# 26 "C:\HT-3000\UC_F5660\src\UC_I2C.c" 1
  26  0009              	IF (5>=8) AND (5<( 4 + __PBP__ * 2))  AND ( __PBP__ > 2 )
  26  0009              ;# 26 "C:\HT-3000\UC_F5660\src\UC_I2C.c" 1
  26  0009              	NOP
  26  0009              	ENDIF
  26  0009              ;# 26 "C:\HT-3000\UC_F5660\src\UC_I2C.c" 1
  26  0009              	IF (5==9)  AND ( __PBP__ > 2 )
  26  0009              ;# 26 "C:\HT-3000\UC_F5660\src\UC_I2C.c" 1
  26  0009              	NOP
  26  0009              	ENDIF
  26  0009              ;# 26 "C:\HT-3000\UC_F5660\src\UC_I2C.c" 1
  26  0009              	IF (5< ( 8 + __PBP__ * 2)) AND (5>( 3 + __PBP__ * 2))
  26  0009              ;# 26 "C:\HT-3000\UC_F5660\src\UC_I2C.c" 1
  26  0009              	fcall __DELAY3 + ( 7 + __PBP__ * 2) -5
  26  0009              	ENDIF
  26  0009              ;# 26 "C:\HT-3000\UC_F5660\src\UC_I2C.c" 1
  26  0009              	IF (5< ( 0404h + __PBP__ * 2)) AND (5>( 7 + __PBP__ * 2))
  26  0009              ;# 26 "C:\HT-3000\UC_F5660\src\UC_I2C.c" 1
  26  0009              	MOV A,(5-( 4 + __PBP__ * 2))/4
  26  0009              ;# 26 "C:\HT-3000\UC_F5660\src\UC_I2C.c" 1
  26  0009              	fcall __DELAYX3 + 3 -((5-( 4 + __PBP__ * 2)) MOD 4) 
  26  0009              	ENDIF
  26  0009              ;# 26 "C:\HT-3000\UC_F5660\src\UC_I2C.c" 1
  26  0009              	IF (5< ( 040bh + __PBP__ * 2)) AND (5> ( 0403h + __PBP__ * 2))
  26  0009              ;# 26 "C:\HT-3000\UC_F5660\src\UC_I2C.c" 1
  26  0009              	MOV A,0 
  26  0009              ;# 26 "C:\HT-3000\UC_F5660\src\UC_I2C.c" 1
  26  0009              	fcall __DELAYX6 + ( 040ah + __PBP__ * 2) -5
  26  0009              	ENDIF
  26  0009              ;# 26 "C:\HT-3000\UC_F5660\src\UC_I2C.c" 1
  26  0009              	IF (5 >= ( 040bh + __PBP__ * 2)) AND ((((5-( 9 + __PBP__ * 2))%0402h)/4+1)>256)
  26  0009              ;# 26 "C:\HT-3000\UC_F5660\src\UC_I2C.c" 1
  26  0009              	MOV A,(5-( 9 + __PBP__ * 2))/0402h
  26  0009              ;# 26 "C:\HT-3000\UC_F5660\src\UC_I2C.c" 1
  26  0009              	MOV _builtin_holtek_delay_2,A
  26  0009              ;# 26 "C:\HT-3000\UC_F5660\src\UC_I2C.c" 1
  26  0009              	MOV A,0
  26  0009              ;# 26 "C:\HT-3000\UC_F5660\src\UC_I2C.c" 1
  26  0009              	fcall __DELAYY5 +5- (((5-( 9 + __PBP__ * 2))%0402h)%6) 
  26  0009              	ENDIF
  26  0009              ;# 26 "C:\HT-3000\UC_F5660\src\UC_I2C.c" 1
  26  0009              	IF (5 >= ( 040bh + __PBP__ * 2)) AND ((((5-( 9 + __PBP__ * 2))%0402h)/4+1)<=256)
  26  0009              ;# 26 "C:\HT-3000\UC_F5660\src\UC_I2C.c" 1
  26  0009              	MOV A,(5-( 9 + __PBP__ * 2))/0402h
"File: UC_I2C.c      Assembler  Version HGASM0202      Page 6

  26  0009              ;# 26 "C:\HT-3000\UC_F5660\src\UC_I2C.c" 1
  26  0009              	MOV _builtin_holtek_delay_2,A
  26  0009              ;# 26 "C:\HT-3000\UC_F5660\src\UC_I2C.c" 1
  26  0009              	MOV A,((5-( 9 + __PBP__ * 2))%0402h)/4+1
  26  0009              ;# 26 "C:\HT-3000\UC_F5660\src\UC_I2C.c" 1
  26  0009              	fcall __DELAYY3 +3-(((5-( 9 + __PBP__ * 2))%0402h)%4) 
  26  0009              	ENDIF
  27  0009              #line 27 "C:\HT-3000\UC_F5660\src\UC_I2C.c"
  27  0009  35A0        	clr [32].3
  27  000A  0003        	ret
  27  000B              _i2c_start endp
  27  000B              #line 27 "C:\HT-3000\UC_F5660\src\UC_I2C.c"
  27  000B              #pragma debug scope 1 1
  27  000B              public _i2c_stop
  27  000B              #pragma debug scope 4 1
  31  000B              #line 31 "C:\HT-3000\UC_F5660\src\UC_I2C.c"
  31  0000              _i2c_stop .section 'code'
  31  0000              _i2c_stop proc
  32  0000              #line 32 "C:\HT-3000\UC_F5660\src\UC_I2C.c"
  32  0000  31A1        	set [33].3
  33  0001              #line 33 "C:\HT-3000\UC_F5660\src\UC_I2C.c"
  33  0001  3820        	snz [32].0
  33  0002  2800     R  	jmp _L4
  33  0003              #line 33 "C:\HT-3000\UC_F5660\src\UC_I2C.c"
  33  0003  3420        	clr [32].0
  33  0004              _L4:
  34  0004              #line 34 "C:\HT-3000\UC_F5660\src\UC_I2C.c"
  34  0004  39A0        	snz [32].3
  34  0005  2800     R  	jmp _L5
  34  0006  35A0        	clr [32].3
  34  0007              _L5:
  35  0007              #line 35 "C:\HT-3000\UC_F5660\src\UC_I2C.c"
  35  0007              ;# 35 "C:\HT-3000\UC_F5660\src\UC_I2C.c" 1
  35  0007              	IF 5>263690
  35  0007              ;# 35 "C:\HT-3000\UC_F5660\src\UC_I2C.c" 1
  35  0007              	ERRMESSAGE 'the value 5of the argument exceeds the maxinum 263690'
  35  0007              	ENDIF
  35  0007              ;# 35 "C:\HT-3000\UC_F5660\src\UC_I2C.c" 1
  35  0007              	IF 5<0
  35  0007              ;# 35 "C:\HT-3000\UC_F5660\src\UC_I2C.c" 1
  35  0007              	ERRMESSAGE 'the value 5 of the argument exceeds the mininum 0'
  35  0007              	ENDIF
  35  0007              ;# 35 "C:\HT-3000\UC_F5660\src\UC_I2C.c" 1
  35  0007              	IF 5==0
  35  0007              ;# 35 "C:\HT-3000\UC_F5660\src\UC_I2C.c" 1
  35  0007              	JMP $
  35  0007              	ENDIF
  35  0007              ;# 35 "C:\HT-3000\UC_F5660\src\UC_I2C.c" 1
  35  0007              	IF (5>=1) AND (5<( 4 + __PBP__ * 2))
  35  0007              ;# 35 "C:\HT-3000\UC_F5660\src\UC_I2C.c" 1
  35  0007  0000        	NOP
  35  0008              	ENDIF
  35  0008              ;# 35 "C:\HT-3000\UC_F5660\src\UC_I2C.c" 1
  35  0008              	IF (5>=2) AND (5<( 4 + __PBP__ * 2))
  35  0008              ;# 35 "C:\HT-3000\UC_F5660\src\UC_I2C.c" 1
  35  0008  0000        	NOP
  35  0009              	ENDIF
  35  0009              ;# 35 "C:\HT-3000\UC_F5660\src\UC_I2C.c" 1
  35  0009              	IF (5>=3) AND (5<( 4 + __PBP__ * 2))
  35  0009              ;# 35 "C:\HT-3000\UC_F5660\src\UC_I2C.c" 1
"File: UC_I2C.c      Assembler  Version HGASM0202      Page 7

  35  0009  0000        	NOP
  35  000A              	ENDIF
  35  000A              ;# 35 "C:\HT-3000\UC_F5660\src\UC_I2C.c" 1
  35  000A              	IF (5>=4) AND (5<( 4 + __PBP__ * 2)) AND ( __PBP__ > 0 )
  35  000A              ;# 35 "C:\HT-3000\UC_F5660\src\UC_I2C.c" 1
  35  000A  0000        	NOP
  35  000B              	ENDIF
  35  000B              ;# 35 "C:\HT-3000\UC_F5660\src\UC_I2C.c" 1
  35  000B              	IF (5>=5) AND (5<( 4 + __PBP__ * 2)) AND ( __PBP__ > 0 )
  35  000B              ;# 35 "C:\HT-3000\UC_F5660\src\UC_I2C.c" 1
  35  000B  0000        	NOP
  35  000C              	ENDIF
  35  000C              ;# 35 "C:\HT-3000\UC_F5660\src\UC_I2C.c" 1
  35  000C              	IF (5>=6) AND (5<( 4 + __PBP__ * 2))  AND ( __PBP__ > 1 )
  35  000C              ;# 35 "C:\HT-3000\UC_F5660\src\UC_I2C.c" 1
  35  000C              	NOP
  35  000C              	ENDIF
  35  000C              ;# 35 "C:\HT-3000\UC_F5660\src\UC_I2C.c" 1
  35  000C              	IF (5>=7) AND (5<( 4 + __PBP__ * 2))  AND ( __PBP__ > 1 )
  35  000C              ;# 35 "C:\HT-3000\UC_F5660\src\UC_I2C.c" 1
  35  000C              	NOP
  35  000C              	ENDIF
  35  000C              ;# 35 "C:\HT-3000\UC_F5660\src\UC_I2C.c" 1
  35  000C              	IF (5>=8) AND (5<( 4 + __PBP__ * 2))  AND ( __PBP__ > 2 )
  35  000C              ;# 35 "C:\HT-3000\UC_F5660\src\UC_I2C.c" 1
  35  000C              	NOP
  35  000C              	ENDIF
  35  000C              ;# 35 "C:\HT-3000\UC_F5660\src\UC_I2C.c" 1
  35  000C              	IF (5==9)  AND ( __PBP__ > 2 )
  35  000C              ;# 35 "C:\HT-3000\UC_F5660\src\UC_I2C.c" 1
  35  000C              	NOP
  35  000C              	ENDIF
  35  000C              ;# 35 "C:\HT-3000\UC_F5660\src\UC_I2C.c" 1
  35  000C              	IF (5< ( 8 + __PBP__ * 2)) AND (5>( 3 + __PBP__ * 2))
  35  000C              ;# 35 "C:\HT-3000\UC_F5660\src\UC_I2C.c" 1
  35  000C              	fcall __DELAY3 + ( 7 + __PBP__ * 2) -5
  35  000C              	ENDIF
  35  000C              ;# 35 "C:\HT-3000\UC_F5660\src\UC_I2C.c" 1
  35  000C              	IF (5< ( 0404h + __PBP__ * 2)) AND (5>( 7 + __PBP__ * 2))
  35  000C              ;# 35 "C:\HT-3000\UC_F5660\src\UC_I2C.c" 1
  35  000C              	MOV A,(5-( 4 + __PBP__ * 2))/4
  35  000C              ;# 35 "C:\HT-3000\UC_F5660\src\UC_I2C.c" 1
  35  000C              	fcall __DELAYX3 + 3 -((5-( 4 + __PBP__ * 2)) MOD 4) 
  35  000C              	ENDIF
  35  000C              ;# 35 "C:\HT-3000\UC_F5660\src\UC_I2C.c" 1
  35  000C              	IF (5< ( 040bh + __PBP__ * 2)) AND (5> ( 0403h + __PBP__ * 2))
  35  000C              ;# 35 "C:\HT-3000\UC_F5660\src\UC_I2C.c" 1
  35  000C              	MOV A,0 
  35  000C              ;# 35 "C:\HT-3000\UC_F5660\src\UC_I2C.c" 1
  35  000C              	fcall __DELAYX6 + ( 040ah + __PBP__ * 2) -5
  35  000C              	ENDIF
  35  000C              ;# 35 "C:\HT-3000\UC_F5660\src\UC_I2C.c" 1
  35  000C              	IF (5 >= ( 040bh + __PBP__ * 2)) AND ((((5-( 9 + __PBP__ * 2))%0402h)/4+1)>256)
  35  000C              ;# 35 "C:\HT-3000\UC_F5660\src\UC_I2C.c" 1
  35  000C              	MOV A,(5-( 9 + __PBP__ * 2))/0402h
  35  000C              ;# 35 "C:\HT-3000\UC_F5660\src\UC_I2C.c" 1
  35  000C              	MOV _builtin_holtek_delay_2,A
  35  000C              ;# 35 "C:\HT-3000\UC_F5660\src\UC_I2C.c" 1
  35  000C              	MOV A,0
  35  000C              ;# 35 "C:\HT-3000\UC_F5660\src\UC_I2C.c" 1
"File: UC_I2C.c      Assembler  Version HGASM0202      Page 8

  35  000C              	fcall __DELAYY5 +5- (((5-( 9 + __PBP__ * 2))%0402h)%6) 
  35  000C              	ENDIF
  35  000C              ;# 35 "C:\HT-3000\UC_F5660\src\UC_I2C.c" 1
  35  000C              	IF (5 >= ( 040bh + __PBP__ * 2)) AND ((((5-( 9 + __PBP__ * 2))%0402h)/4+1)<=256)
  35  000C              ;# 35 "C:\HT-3000\UC_F5660\src\UC_I2C.c" 1
  35  000C              	MOV A,(5-( 9 + __PBP__ * 2))/0402h
  35  000C              ;# 35 "C:\HT-3000\UC_F5660\src\UC_I2C.c" 1
  35  000C              	MOV _builtin_holtek_delay_2,A
  35  000C              ;# 35 "C:\HT-3000\UC_F5660\src\UC_I2C.c" 1
  35  000C              	MOV A,((5-( 9 + __PBP__ * 2))%0402h)/4+1
  35  000C              ;# 35 "C:\HT-3000\UC_F5660\src\UC_I2C.c" 1
  35  000C              	fcall __DELAYY3 +3-(((5-( 9 + __PBP__ * 2))%0402h)%4) 
  35  000C              	ENDIF
  36  000C              #line 36 "C:\HT-3000\UC_F5660\src\UC_I2C.c"
  36  000C  3020        	set [32].0
  37  000D              #line 37 "C:\HT-3000\UC_F5660\src\UC_I2C.c"
  37  000D              ;# 37 "C:\HT-3000\UC_F5660\src\UC_I2C.c" 1
  37  000D              	IF 5>263690
  37  000D              ;# 37 "C:\HT-3000\UC_F5660\src\UC_I2C.c" 1
  37  000D              	ERRMESSAGE 'the value 5of the argument exceeds the maxinum 263690'
  37  000D              	ENDIF
  37  000D              ;# 37 "C:\HT-3000\UC_F5660\src\UC_I2C.c" 1
  37  000D              	IF 5<0
  37  000D              ;# 37 "C:\HT-3000\UC_F5660\src\UC_I2C.c" 1
  37  000D              	ERRMESSAGE 'the value 5 of the argument exceeds the mininum 0'
  37  000D              	ENDIF
  37  000D              ;# 37 "C:\HT-3000\UC_F5660\src\UC_I2C.c" 1
  37  000D              	IF 5==0
  37  000D              ;# 37 "C:\HT-3000\UC_F5660\src\UC_I2C.c" 1
  37  000D              	JMP $
  37  000D              	ENDIF
  37  000D              ;# 37 "C:\HT-3000\UC_F5660\src\UC_I2C.c" 1
  37  000D              	IF (5>=1) AND (5<( 4 + __PBP__ * 2))
  37  000D              ;# 37 "C:\HT-3000\UC_F5660\src\UC_I2C.c" 1
  37  000D  0000        	NOP
  37  000E              	ENDIF
  37  000E              ;# 37 "C:\HT-3000\UC_F5660\src\UC_I2C.c" 1
  37  000E              	IF (5>=2) AND (5<( 4 + __PBP__ * 2))
  37  000E              ;# 37 "C:\HT-3000\UC_F5660\src\UC_I2C.c" 1
  37  000E  0000        	NOP
  37  000F              	ENDIF
  37  000F              ;# 37 "C:\HT-3000\UC_F5660\src\UC_I2C.c" 1
  37  000F              	IF (5>=3) AND (5<( 4 + __PBP__ * 2))
  37  000F              ;# 37 "C:\HT-3000\UC_F5660\src\UC_I2C.c" 1
  37  000F  0000        	NOP
  37  0010              	ENDIF
  37  0010              ;# 37 "C:\HT-3000\UC_F5660\src\UC_I2C.c" 1
  37  0010              	IF (5>=4) AND (5<( 4 + __PBP__ * 2)) AND ( __PBP__ > 0 )
  37  0010              ;# 37 "C:\HT-3000\UC_F5660\src\UC_I2C.c" 1
  37  0010  0000        	NOP
  37  0011              	ENDIF
  37  0011              ;# 37 "C:\HT-3000\UC_F5660\src\UC_I2C.c" 1
  37  0011              	IF (5>=5) AND (5<( 4 + __PBP__ * 2)) AND ( __PBP__ > 0 )
  37  0011              ;# 37 "C:\HT-3000\UC_F5660\src\UC_I2C.c" 1
  37  0011  0000        	NOP
  37  0012              	ENDIF
  37  0012              ;# 37 "C:\HT-3000\UC_F5660\src\UC_I2C.c" 1
  37  0012              	IF (5>=6) AND (5<( 4 + __PBP__ * 2))  AND ( __PBP__ > 1 )
  37  0012              ;# 37 "C:\HT-3000\UC_F5660\src\UC_I2C.c" 1
  37  0012              	NOP
"File: UC_I2C.c      Assembler  Version HGASM0202      Page 9

  37  0012              	ENDIF
  37  0012              ;# 37 "C:\HT-3000\UC_F5660\src\UC_I2C.c" 1
  37  0012              	IF (5>=7) AND (5<( 4 + __PBP__ * 2))  AND ( __PBP__ > 1 )
  37  0012              ;# 37 "C:\HT-3000\UC_F5660\src\UC_I2C.c" 1
  37  0012              	NOP
  37  0012              	ENDIF
  37  0012              ;# 37 "C:\HT-3000\UC_F5660\src\UC_I2C.c" 1
  37  0012              	IF (5>=8) AND (5<( 4 + __PBP__ * 2))  AND ( __PBP__ > 2 )
  37  0012              ;# 37 "C:\HT-3000\UC_F5660\src\UC_I2C.c" 1
  37  0012              	NOP
  37  0012              	ENDIF
  37  0012              ;# 37 "C:\HT-3000\UC_F5660\src\UC_I2C.c" 1
  37  0012              	IF (5==9)  AND ( __PBP__ > 2 )
  37  0012              ;# 37 "C:\HT-3000\UC_F5660\src\UC_I2C.c" 1
  37  0012              	NOP
  37  0012              	ENDIF
  37  0012              ;# 37 "C:\HT-3000\UC_F5660\src\UC_I2C.c" 1
  37  0012              	IF (5< ( 8 + __PBP__ * 2)) AND (5>( 3 + __PBP__ * 2))
  37  0012              ;# 37 "C:\HT-3000\UC_F5660\src\UC_I2C.c" 1
  37  0012              	fcall __DELAY3 + ( 7 + __PBP__ * 2) -5
  37  0012              	ENDIF
  37  0012              ;# 37 "C:\HT-3000\UC_F5660\src\UC_I2C.c" 1
  37  0012              	IF (5< ( 0404h + __PBP__ * 2)) AND (5>( 7 + __PBP__ * 2))
  37  0012              ;# 37 "C:\HT-3000\UC_F5660\src\UC_I2C.c" 1
  37  0012              	MOV A,(5-( 4 + __PBP__ * 2))/4
  37  0012              ;# 37 "C:\HT-3000\UC_F5660\src\UC_I2C.c" 1
  37  0012              	fcall __DELAYX3 + 3 -((5-( 4 + __PBP__ * 2)) MOD 4) 
  37  0012              	ENDIF
  37  0012              ;# 37 "C:\HT-3000\UC_F5660\src\UC_I2C.c" 1
  37  0012              	IF (5< ( 040bh + __PBP__ * 2)) AND (5> ( 0403h + __PBP__ * 2))
  37  0012              ;# 37 "C:\HT-3000\UC_F5660\src\UC_I2C.c" 1
  37  0012              	MOV A,0 
  37  0012              ;# 37 "C:\HT-3000\UC_F5660\src\UC_I2C.c" 1
  37  0012              	fcall __DELAYX6 + ( 040ah + __PBP__ * 2) -5
  37  0012              	ENDIF
  37  0012              ;# 37 "C:\HT-3000\UC_F5660\src\UC_I2C.c" 1
  37  0012              	IF (5 >= ( 040bh + __PBP__ * 2)) AND ((((5-( 9 + __PBP__ * 2))%0402h)/4+1)>256)
  37  0012              ;# 37 "C:\HT-3000\UC_F5660\src\UC_I2C.c" 1
  37  0012              	MOV A,(5-( 9 + __PBP__ * 2))/0402h
  37  0012              ;# 37 "C:\HT-3000\UC_F5660\src\UC_I2C.c" 1
  37  0012              	MOV _builtin_holtek_delay_2,A
  37  0012              ;# 37 "C:\HT-3000\UC_F5660\src\UC_I2C.c" 1
  37  0012              	MOV A,0
  37  0012              ;# 37 "C:\HT-3000\UC_F5660\src\UC_I2C.c" 1
  37  0012              	fcall __DELAYY5 +5- (((5-( 9 + __PBP__ * 2))%0402h)%6) 
  37  0012              	ENDIF
  37  0012              ;# 37 "C:\HT-3000\UC_F5660\src\UC_I2C.c" 1
  37  0012              	IF (5 >= ( 040bh + __PBP__ * 2)) AND ((((5-( 9 + __PBP__ * 2))%0402h)/4+1)<=256)
  37  0012              ;# 37 "C:\HT-3000\UC_F5660\src\UC_I2C.c" 1
  37  0012              	MOV A,(5-( 9 + __PBP__ * 2))/0402h
  37  0012              ;# 37 "C:\HT-3000\UC_F5660\src\UC_I2C.c" 1
  37  0012              	MOV _builtin_holtek_delay_2,A
  37  0012              ;# 37 "C:\HT-3000\UC_F5660\src\UC_I2C.c" 1
  37  0012              	MOV A,((5-( 9 + __PBP__ * 2))%0402h)/4+1
  37  0012              ;# 37 "C:\HT-3000\UC_F5660\src\UC_I2C.c" 1
  37  0012              	fcall __DELAYY3 +3-(((5-( 9 + __PBP__ * 2))%0402h)%4) 
  37  0012              	ENDIF
  38  0012              #line 38 "C:\HT-3000\UC_F5660\src\UC_I2C.c"
  38  0012  31A0        	set [32].3
  39  0013              #line 39 "C:\HT-3000\UC_F5660\src\UC_I2C.c"
"File: UC_I2C.c      Assembler  Version HGASM0202      Page 10

  39  0013              ;# 39 "C:\HT-3000\UC_F5660\src\UC_I2C.c" 1
  39  0013              	IF 5>263690
  39  0013              ;# 39 "C:\HT-3000\UC_F5660\src\UC_I2C.c" 1
  39  0013              	ERRMESSAGE 'the value 5of the argument exceeds the maxinum 263690'
  39  0013              	ENDIF
  39  0013              ;# 39 "C:\HT-3000\UC_F5660\src\UC_I2C.c" 1
  39  0013              	IF 5<0
  39  0013              ;# 39 "C:\HT-3000\UC_F5660\src\UC_I2C.c" 1
  39  0013              	ERRMESSAGE 'the value 5 of the argument exceeds the mininum 0'
  39  0013              	ENDIF
  39  0013              ;# 39 "C:\HT-3000\UC_F5660\src\UC_I2C.c" 1
  39  0013              	IF 5==0
  39  0013              ;# 39 "C:\HT-3000\UC_F5660\src\UC_I2C.c" 1
  39  0013              	JMP $
  39  0013              	ENDIF
  39  0013              ;# 39 "C:\HT-3000\UC_F5660\src\UC_I2C.c" 1
  39  0013              	IF (5>=1) AND (5<( 4 + __PBP__ * 2))
  39  0013              ;# 39 "C:\HT-3000\UC_F5660\src\UC_I2C.c" 1
  39  0013  0000        	NOP
  39  0014              	ENDIF
  39  0014              ;# 39 "C:\HT-3000\UC_F5660\src\UC_I2C.c" 1
  39  0014              	IF (5>=2) AND (5<( 4 + __PBP__ * 2))
  39  0014              ;# 39 "C:\HT-3000\UC_F5660\src\UC_I2C.c" 1
  39  0014  0000        	NOP
  39  0015              	ENDIF
  39  0015              ;# 39 "C:\HT-3000\UC_F5660\src\UC_I2C.c" 1
  39  0015              	IF (5>=3) AND (5<( 4 + __PBP__ * 2))
  39  0015              ;# 39 "C:\HT-3000\UC_F5660\src\UC_I2C.c" 1
  39  0015  0000        	NOP
  39  0016              	ENDIF
  39  0016              ;# 39 "C:\HT-3000\UC_F5660\src\UC_I2C.c" 1
  39  0016              	IF (5>=4) AND (5<( 4 + __PBP__ * 2)) AND ( __PBP__ > 0 )
  39  0016              ;# 39 "C:\HT-3000\UC_F5660\src\UC_I2C.c" 1
  39  0016  0000        	NOP
  39  0017              	ENDIF
  39  0017              ;# 39 "C:\HT-3000\UC_F5660\src\UC_I2C.c" 1
  39  0017              	IF (5>=5) AND (5<( 4 + __PBP__ * 2)) AND ( __PBP__ > 0 )
  39  0017              ;# 39 "C:\HT-3000\UC_F5660\src\UC_I2C.c" 1
  39  0017  0000        	NOP
  39  0018              	ENDIF
  39  0018              ;# 39 "C:\HT-3000\UC_F5660\src\UC_I2C.c" 1
  39  0018              	IF (5>=6) AND (5<( 4 + __PBP__ * 2))  AND ( __PBP__ > 1 )
  39  0018              ;# 39 "C:\HT-3000\UC_F5660\src\UC_I2C.c" 1
  39  0018              	NOP
  39  0018              	ENDIF
  39  0018              ;# 39 "C:\HT-3000\UC_F5660\src\UC_I2C.c" 1
  39  0018              	IF (5>=7) AND (5<( 4 + __PBP__ * 2))  AND ( __PBP__ > 1 )
  39  0018              ;# 39 "C:\HT-3000\UC_F5660\src\UC_I2C.c" 1
  39  0018              	NOP
  39  0018              	ENDIF
  39  0018              ;# 39 "C:\HT-3000\UC_F5660\src\UC_I2C.c" 1
  39  0018              	IF (5>=8) AND (5<( 4 + __PBP__ * 2))  AND ( __PBP__ > 2 )
  39  0018              ;# 39 "C:\HT-3000\UC_F5660\src\UC_I2C.c" 1
  39  0018              	NOP
  39  0018              	ENDIF
  39  0018              ;# 39 "C:\HT-3000\UC_F5660\src\UC_I2C.c" 1
  39  0018              	IF (5==9)  AND ( __PBP__ > 2 )
  39  0018              ;# 39 "C:\HT-3000\UC_F5660\src\UC_I2C.c" 1
  39  0018              	NOP
  39  0018              	ENDIF
"File: UC_I2C.c      Assembler  Version HGASM0202      Page 11

  39  0018              ;# 39 "C:\HT-3000\UC_F5660\src\UC_I2C.c" 1
  39  0018              	IF (5< ( 8 + __PBP__ * 2)) AND (5>( 3 + __PBP__ * 2))
  39  0018              ;# 39 "C:\HT-3000\UC_F5660\src\UC_I2C.c" 1
  39  0018              	fcall __DELAY3 + ( 7 + __PBP__ * 2) -5
  39  0018              	ENDIF
  39  0018              ;# 39 "C:\HT-3000\UC_F5660\src\UC_I2C.c" 1
  39  0018              	IF (5< ( 0404h + __PBP__ * 2)) AND (5>( 7 + __PBP__ * 2))
  39  0018              ;# 39 "C:\HT-3000\UC_F5660\src\UC_I2C.c" 1
  39  0018              	MOV A,(5-( 4 + __PBP__ * 2))/4
  39  0018              ;# 39 "C:\HT-3000\UC_F5660\src\UC_I2C.c" 1
  39  0018              	fcall __DELAYX3 + 3 -((5-( 4 + __PBP__ * 2)) MOD 4) 
  39  0018              	ENDIF
  39  0018              ;# 39 "C:\HT-3000\UC_F5660\src\UC_I2C.c" 1
  39  0018              	IF (5< ( 040bh + __PBP__ * 2)) AND (5> ( 0403h + __PBP__ * 2))
  39  0018              ;# 39 "C:\HT-3000\UC_F5660\src\UC_I2C.c" 1
  39  0018              	MOV A,0 
  39  0018              ;# 39 "C:\HT-3000\UC_F5660\src\UC_I2C.c" 1
  39  0018              	fcall __DELAYX6 + ( 040ah + __PBP__ * 2) -5
  39  0018              	ENDIF
  39  0018              ;# 39 "C:\HT-3000\UC_F5660\src\UC_I2C.c" 1
  39  0018              	IF (5 >= ( 040bh + __PBP__ * 2)) AND ((((5-( 9 + __PBP__ * 2))%0402h)/4+1)>256)
  39  0018              ;# 39 "C:\HT-3000\UC_F5660\src\UC_I2C.c" 1
  39  0018              	MOV A,(5-( 9 + __PBP__ * 2))/0402h
  39  0018              ;# 39 "C:\HT-3000\UC_F5660\src\UC_I2C.c" 1
  39  0018              	MOV _builtin_holtek_delay_2,A
  39  0018              ;# 39 "C:\HT-3000\UC_F5660\src\UC_I2C.c" 1
  39  0018              	MOV A,0
  39  0018              ;# 39 "C:\HT-3000\UC_F5660\src\UC_I2C.c" 1
  39  0018              	fcall __DELAYY5 +5- (((5-( 9 + __PBP__ * 2))%0402h)%6) 
  39  0018              	ENDIF
  39  0018              ;# 39 "C:\HT-3000\UC_F5660\src\UC_I2C.c" 1
  39  0018              	IF (5 >= ( 040bh + __PBP__ * 2)) AND ((((5-( 9 + __PBP__ * 2))%0402h)/4+1)<=256)
  39  0018              ;# 39 "C:\HT-3000\UC_F5660\src\UC_I2C.c" 1
  39  0018              	MOV A,(5-( 9 + __PBP__ * 2))/0402h
  39  0018              ;# 39 "C:\HT-3000\UC_F5660\src\UC_I2C.c" 1
  39  0018              	MOV _builtin_holtek_delay_2,A
  39  0018              ;# 39 "C:\HT-3000\UC_F5660\src\UC_I2C.c" 1
  39  0018              	MOV A,((5-( 9 + __PBP__ * 2))%0402h)/4+1
  39  0018              ;# 39 "C:\HT-3000\UC_F5660\src\UC_I2C.c" 1
  39  0018              	fcall __DELAYY3 +3-(((5-( 9 + __PBP__ * 2))%0402h)%4) 
  39  0018              	ENDIF
  41  0018              #line 41 "C:\HT-3000\UC_F5660\src\UC_I2C.c"
  41  0018  3021        	set [33].0
  42  0019              #line 42 "C:\HT-3000\UC_F5660\src\UC_I2C.c"
  42  0019  31A1        	set [33].3
  42  001A  0003        	ret
  42  001B              _i2c_stop endp
  42  001B              #line 42 "C:\HT-3000\UC_F5660\src\UC_I2C.c"
  42  001B              #pragma debug scope 1 1
  42  001B              public _i2c_read_ACK
  42  001B              #pragma debug scope 5 1
  48  001B              #line 48 "C:\HT-3000\UC_F5660\src\UC_I2C.c"
  48  0000              _i2c_read_ACK .section 'code'
  48  0000              _i2c_read_ACK proc
  49  0000              #line 49 "C:\HT-3000\UC_F5660\src\UC_I2C.c"
  49  0000  31A1        	set [33].3
  50  0001              #line 50 "C:\HT-3000\UC_F5660\src\UC_I2C.c"
  50  0001  3020        	set [32].0
  51  0002              #line 51 "C:\HT-3000\UC_F5660\src\UC_I2C.c"
  51  0002  1F00     E  	clr ra
"File: UC_I2C.c      Assembler  Version HGASM0202      Page 12

  51  0003  3DA0        	sz [32].3
  51  0004  1480     E  	inc ra
  51  0005  0700     E  	mov a,ra
  51  0006  0080     R  	mov _ACK[0],a
  52  0007              #line 52 "C:\HT-3000\UC_F5660\src\UC_I2C.c"
  52  0007              ;# 52 "C:\HT-3000\UC_F5660\src\UC_I2C.c" 1
  52  0007              	IF 5>263690
  52  0007              ;# 52 "C:\HT-3000\UC_F5660\src\UC_I2C.c" 1
  52  0007              	ERRMESSAGE 'the value 5of the argument exceeds the maxinum 263690'
  52  0007              	ENDIF
  52  0007              ;# 52 "C:\HT-3000\UC_F5660\src\UC_I2C.c" 1
  52  0007              	IF 5<0
  52  0007              ;# 52 "C:\HT-3000\UC_F5660\src\UC_I2C.c" 1
  52  0007              	ERRMESSAGE 'the value 5 of the argument exceeds the mininum 0'
  52  0007              	ENDIF
  52  0007              ;# 52 "C:\HT-3000\UC_F5660\src\UC_I2C.c" 1
  52  0007              	IF 5==0
  52  0007              ;# 52 "C:\HT-3000\UC_F5660\src\UC_I2C.c" 1
  52  0007              	JMP $
  52  0007              	ENDIF
  52  0007              ;# 52 "C:\HT-3000\UC_F5660\src\UC_I2C.c" 1
  52  0007              	IF (5>=1) AND (5<( 4 + __PBP__ * 2))
  52  0007              ;# 52 "C:\HT-3000\UC_F5660\src\UC_I2C.c" 1
  52  0007  0000        	NOP
  52  0008              	ENDIF
  52  0008              ;# 52 "C:\HT-3000\UC_F5660\src\UC_I2C.c" 1
  52  0008              	IF (5>=2) AND (5<( 4 + __PBP__ * 2))
  52  0008              ;# 52 "C:\HT-3000\UC_F5660\src\UC_I2C.c" 1
  52  0008  0000        	NOP
  52  0009              	ENDIF
  52  0009              ;# 52 "C:\HT-3000\UC_F5660\src\UC_I2C.c" 1
  52  0009              	IF (5>=3) AND (5<( 4 + __PBP__ * 2))
  52  0009              ;# 52 "C:\HT-3000\UC_F5660\src\UC_I2C.c" 1
  52  0009  0000        	NOP
  52  000A              	ENDIF
  52  000A              ;# 52 "C:\HT-3000\UC_F5660\src\UC_I2C.c" 1
  52  000A              	IF (5>=4) AND (5<( 4 + __PBP__ * 2)) AND ( __PBP__ > 0 )
  52  000A              ;# 52 "C:\HT-3000\UC_F5660\src\UC_I2C.c" 1
  52  000A  0000        	NOP
  52  000B              	ENDIF
  52  000B              ;# 52 "C:\HT-3000\UC_F5660\src\UC_I2C.c" 1
  52  000B              	IF (5>=5) AND (5<( 4 + __PBP__ * 2)) AND ( __PBP__ > 0 )
  52  000B              ;# 52 "C:\HT-3000\UC_F5660\src\UC_I2C.c" 1
  52  000B  0000        	NOP
  52  000C              	ENDIF
  52  000C              ;# 52 "C:\HT-3000\UC_F5660\src\UC_I2C.c" 1
  52  000C              	IF (5>=6) AND (5<( 4 + __PBP__ * 2))  AND ( __PBP__ > 1 )
  52  000C              ;# 52 "C:\HT-3000\UC_F5660\src\UC_I2C.c" 1
  52  000C              	NOP
  52  000C              	ENDIF
  52  000C              ;# 52 "C:\HT-3000\UC_F5660\src\UC_I2C.c" 1
  52  000C              	IF (5>=7) AND (5<( 4 + __PBP__ * 2))  AND ( __PBP__ > 1 )
  52  000C              ;# 52 "C:\HT-3000\UC_F5660\src\UC_I2C.c" 1
  52  000C              	NOP
  52  000C              	ENDIF
  52  000C              ;# 52 "C:\HT-3000\UC_F5660\src\UC_I2C.c" 1
  52  000C              	IF (5>=8) AND (5<( 4 + __PBP__ * 2))  AND ( __PBP__ > 2 )
  52  000C              ;# 52 "C:\HT-3000\UC_F5660\src\UC_I2C.c" 1
  52  000C              	NOP
  52  000C              	ENDIF
"File: UC_I2C.c      Assembler  Version HGASM0202      Page 13

  52  000C              ;# 52 "C:\HT-3000\UC_F5660\src\UC_I2C.c" 1
  52  000C              	IF (5==9)  AND ( __PBP__ > 2 )
  52  000C              ;# 52 "C:\HT-3000\UC_F5660\src\UC_I2C.c" 1
  52  000C              	NOP
  52  000C              	ENDIF
  52  000C              ;# 52 "C:\HT-3000\UC_F5660\src\UC_I2C.c" 1
  52  000C              	IF (5< ( 8 + __PBP__ * 2)) AND (5>( 3 + __PBP__ * 2))
  52  000C              ;# 52 "C:\HT-3000\UC_F5660\src\UC_I2C.c" 1
  52  000C              	fcall __DELAY3 + ( 7 + __PBP__ * 2) -5
  52  000C              	ENDIF
  52  000C              ;# 52 "C:\HT-3000\UC_F5660\src\UC_I2C.c" 1
  52  000C              	IF (5< ( 0404h + __PBP__ * 2)) AND (5>( 7 + __PBP__ * 2))
  52  000C              ;# 52 "C:\HT-3000\UC_F5660\src\UC_I2C.c" 1
  52  000C              	MOV A,(5-( 4 + __PBP__ * 2))/4
  52  000C              ;# 52 "C:\HT-3000\UC_F5660\src\UC_I2C.c" 1
  52  000C              	fcall __DELAYX3 + 3 -((5-( 4 + __PBP__ * 2)) MOD 4) 
  52  000C              	ENDIF
  52  000C              ;# 52 "C:\HT-3000\UC_F5660\src\UC_I2C.c" 1
  52  000C              	IF (5< ( 040bh + __PBP__ * 2)) AND (5> ( 0403h + __PBP__ * 2))
  52  000C              ;# 52 "C:\HT-3000\UC_F5660\src\UC_I2C.c" 1
  52  000C              	MOV A,0 
  52  000C              ;# 52 "C:\HT-3000\UC_F5660\src\UC_I2C.c" 1
  52  000C              	fcall __DELAYX6 + ( 040ah + __PBP__ * 2) -5
  52  000C              	ENDIF
  52  000C              ;# 52 "C:\HT-3000\UC_F5660\src\UC_I2C.c" 1
  52  000C              	IF (5 >= ( 040bh + __PBP__ * 2)) AND ((((5-( 9 + __PBP__ * 2))%0402h)/4+1)>256)
  52  000C              ;# 52 "C:\HT-3000\UC_F5660\src\UC_I2C.c" 1
  52  000C              	MOV A,(5-( 9 + __PBP__ * 2))/0402h
  52  000C              ;# 52 "C:\HT-3000\UC_F5660\src\UC_I2C.c" 1
  52  000C              	MOV _builtin_holtek_delay_2,A
  52  000C              ;# 52 "C:\HT-3000\UC_F5660\src\UC_I2C.c" 1
  52  000C              	MOV A,0
  52  000C              ;# 52 "C:\HT-3000\UC_F5660\src\UC_I2C.c" 1
  52  000C              	fcall __DELAYY5 +5- (((5-( 9 + __PBP__ * 2))%0402h)%6) 
  52  000C              	ENDIF
  52  000C              ;# 52 "C:\HT-3000\UC_F5660\src\UC_I2C.c" 1
  52  000C              	IF (5 >= ( 040bh + __PBP__ * 2)) AND ((((5-( 9 + __PBP__ * 2))%0402h)/4+1)<=256)
  52  000C              ;# 52 "C:\HT-3000\UC_F5660\src\UC_I2C.c" 1
  52  000C              	MOV A,(5-( 9 + __PBP__ * 2))/0402h
  52  000C              ;# 52 "C:\HT-3000\UC_F5660\src\UC_I2C.c" 1
  52  000C              	MOV _builtin_holtek_delay_2,A
  52  000C              ;# 52 "C:\HT-3000\UC_F5660\src\UC_I2C.c" 1
  52  000C              	MOV A,((5-( 9 + __PBP__ * 2))%0402h)/4+1
  52  000C              ;# 52 "C:\HT-3000\UC_F5660\src\UC_I2C.c" 1
  52  000C              	fcall __DELAYY3 +3-(((5-( 9 + __PBP__ * 2))%0402h)%4) 
  52  000C              	ENDIF
  53  000C              #line 53 "C:\HT-3000\UC_F5660\src\UC_I2C.c"
  53  000C  3420        	clr [32].0
  54  000D              #line 54 "C:\HT-3000\UC_F5660\src\UC_I2C.c"
  54  000D              ;# 54 "C:\HT-3000\UC_F5660\src\UC_I2C.c" 1
  54  000D              	IF 5>263690
  54  000D              ;# 54 "C:\HT-3000\UC_F5660\src\UC_I2C.c" 1
  54  000D              	ERRMESSAGE 'the value 5of the argument exceeds the maxinum 263690'
  54  000D              	ENDIF
  54  000D              ;# 54 "C:\HT-3000\UC_F5660\src\UC_I2C.c" 1
  54  000D              	IF 5<0
  54  000D              ;# 54 "C:\HT-3000\UC_F5660\src\UC_I2C.c" 1
  54  000D              	ERRMESSAGE 'the value 5 of the argument exceeds the mininum 0'
  54  000D              	ENDIF
  54  000D              ;# 54 "C:\HT-3000\UC_F5660\src\UC_I2C.c" 1
"File: UC_I2C.c      Assembler  Version HGASM0202      Page 14

  54  000D              	IF 5==0
  54  000D              ;# 54 "C:\HT-3000\UC_F5660\src\UC_I2C.c" 1
  54  000D              	JMP $
  54  000D              	ENDIF
  54  000D              ;# 54 "C:\HT-3000\UC_F5660\src\UC_I2C.c" 1
  54  000D              	IF (5>=1) AND (5<( 4 + __PBP__ * 2))
  54  000D              ;# 54 "C:\HT-3000\UC_F5660\src\UC_I2C.c" 1
  54  000D  0000        	NOP
  54  000E              	ENDIF
  54  000E              ;# 54 "C:\HT-3000\UC_F5660\src\UC_I2C.c" 1
  54  000E              	IF (5>=2) AND (5<( 4 + __PBP__ * 2))
  54  000E              ;# 54 "C:\HT-3000\UC_F5660\src\UC_I2C.c" 1
  54  000E  0000        	NOP
  54  000F              	ENDIF
  54  000F              ;# 54 "C:\HT-3000\UC_F5660\src\UC_I2C.c" 1
  54  000F              	IF (5>=3) AND (5<( 4 + __PBP__ * 2))
  54  000F              ;# 54 "C:\HT-3000\UC_F5660\src\UC_I2C.c" 1
  54  000F  0000        	NOP
  54  0010              	ENDIF
  54  0010              ;# 54 "C:\HT-3000\UC_F5660\src\UC_I2C.c" 1
  54  0010              	IF (5>=4) AND (5<( 4 + __PBP__ * 2)) AND ( __PBP__ > 0 )
  54  0010              ;# 54 "C:\HT-3000\UC_F5660\src\UC_I2C.c" 1
  54  0010  0000        	NOP
  54  0011              	ENDIF
  54  0011              ;# 54 "C:\HT-3000\UC_F5660\src\UC_I2C.c" 1
  54  0011              	IF (5>=5) AND (5<( 4 + __PBP__ * 2)) AND ( __PBP__ > 0 )
  54  0011              ;# 54 "C:\HT-3000\UC_F5660\src\UC_I2C.c" 1
  54  0011  0000        	NOP
  54  0012              	ENDIF
  54  0012              ;# 54 "C:\HT-3000\UC_F5660\src\UC_I2C.c" 1
  54  0012              	IF (5>=6) AND (5<( 4 + __PBP__ * 2))  AND ( __PBP__ > 1 )
  54  0012              ;# 54 "C:\HT-3000\UC_F5660\src\UC_I2C.c" 1
  54  0012              	NOP
  54  0012              	ENDIF
  54  0012              ;# 54 "C:\HT-3000\UC_F5660\src\UC_I2C.c" 1
  54  0012              	IF (5>=7) AND (5<( 4 + __PBP__ * 2))  AND ( __PBP__ > 1 )
  54  0012              ;# 54 "C:\HT-3000\UC_F5660\src\UC_I2C.c" 1
  54  0012              	NOP
  54  0012              	ENDIF
  54  0012              ;# 54 "C:\HT-3000\UC_F5660\src\UC_I2C.c" 1
  54  0012              	IF (5>=8) AND (5<( 4 + __PBP__ * 2))  AND ( __PBP__ > 2 )
  54  0012              ;# 54 "C:\HT-3000\UC_F5660\src\UC_I2C.c" 1
  54  0012              	NOP
  54  0012              	ENDIF
  54  0012              ;# 54 "C:\HT-3000\UC_F5660\src\UC_I2C.c" 1
  54  0012              	IF (5==9)  AND ( __PBP__ > 2 )
  54  0012              ;# 54 "C:\HT-3000\UC_F5660\src\UC_I2C.c" 1
  54  0012              	NOP
  54  0012              	ENDIF
  54  0012              ;# 54 "C:\HT-3000\UC_F5660\src\UC_I2C.c" 1
  54  0012              	IF (5< ( 8 + __PBP__ * 2)) AND (5>( 3 + __PBP__ * 2))
  54  0012              ;# 54 "C:\HT-3000\UC_F5660\src\UC_I2C.c" 1
  54  0012              	fcall __DELAY3 + ( 7 + __PBP__ * 2) -5
  54  0012              	ENDIF
  54  0012              ;# 54 "C:\HT-3000\UC_F5660\src\UC_I2C.c" 1
  54  0012              	IF (5< ( 0404h + __PBP__ * 2)) AND (5>( 7 + __PBP__ * 2))
  54  0012              ;# 54 "C:\HT-3000\UC_F5660\src\UC_I2C.c" 1
  54  0012              	MOV A,(5-( 4 + __PBP__ * 2))/4
  54  0012              ;# 54 "C:\HT-3000\UC_F5660\src\UC_I2C.c" 1
  54  0012              	fcall __DELAYX3 + 3 -((5-( 4 + __PBP__ * 2)) MOD 4) 
"File: UC_I2C.c      Assembler  Version HGASM0202      Page 15

  54  0012              	ENDIF
  54  0012              ;# 54 "C:\HT-3000\UC_F5660\src\UC_I2C.c" 1
  54  0012              	IF (5< ( 040bh + __PBP__ * 2)) AND (5> ( 0403h + __PBP__ * 2))
  54  0012              ;# 54 "C:\HT-3000\UC_F5660\src\UC_I2C.c" 1
  54  0012              	MOV A,0 
  54  0012              ;# 54 "C:\HT-3000\UC_F5660\src\UC_I2C.c" 1
  54  0012              	fcall __DELAYX6 + ( 040ah + __PBP__ * 2) -5
  54  0012              	ENDIF
  54  0012              ;# 54 "C:\HT-3000\UC_F5660\src\UC_I2C.c" 1
  54  0012              	IF (5 >= ( 040bh + __PBP__ * 2)) AND ((((5-( 9 + __PBP__ * 2))%0402h)/4+1)>256)
  54  0012              ;# 54 "C:\HT-3000\UC_F5660\src\UC_I2C.c" 1
  54  0012              	MOV A,(5-( 9 + __PBP__ * 2))/0402h
  54  0012              ;# 54 "C:\HT-3000\UC_F5660\src\UC_I2C.c" 1
  54  0012              	MOV _builtin_holtek_delay_2,A
  54  0012              ;# 54 "C:\HT-3000\UC_F5660\src\UC_I2C.c" 1
  54  0012              	MOV A,0
  54  0012              ;# 54 "C:\HT-3000\UC_F5660\src\UC_I2C.c" 1
  54  0012              	fcall __DELAYY5 +5- (((5-( 9 + __PBP__ * 2))%0402h)%6) 
  54  0012              	ENDIF
  54  0012              ;# 54 "C:\HT-3000\UC_F5660\src\UC_I2C.c" 1
  54  0012              	IF (5 >= ( 040bh + __PBP__ * 2)) AND ((((5-( 9 + __PBP__ * 2))%0402h)/4+1)<=256)
  54  0012              ;# 54 "C:\HT-3000\UC_F5660\src\UC_I2C.c" 1
  54  0012              	MOV A,(5-( 9 + __PBP__ * 2))/0402h
  54  0012              ;# 54 "C:\HT-3000\UC_F5660\src\UC_I2C.c" 1
  54  0012              	MOV _builtin_holtek_delay_2,A
  54  0012              ;# 54 "C:\HT-3000\UC_F5660\src\UC_I2C.c" 1
  54  0012              	MOV A,((5-( 9 + __PBP__ * 2))%0402h)/4+1
  54  0012              ;# 54 "C:\HT-3000\UC_F5660\src\UC_I2C.c" 1
  54  0012              	fcall __DELAYY3 +3-(((5-( 9 + __PBP__ * 2))%0402h)%4) 
  54  0012              	ENDIF
  57  0012              #line 57 "C:\HT-3000\UC_F5660\src\UC_I2C.c"
  57  0012  0700     E  	mov a,ra
  57  0013  0003        	ret
  57  0014              _i2c_read_ACK endp
  57  0014              #line 57 "C:\HT-3000\UC_F5660\src\UC_I2C.c"
  57  0014              #pragma debug scope 1 1
  57  0014              public _i2c_write
  57  0014              #pragma debug scope 6 1
  61  0014              #line 61 "C:\HT-3000\UC_F5660\src\UC_I2C.c"
  61  0000              _i2c_write .section 'code'
  61  0000              _i2c_write proc
  61  0000  00              local _i2c_write_2 db 1 dup(?)	; 0,1
  61  0000  0080     R  	mov _i2c_write_2[0],a
  61  0001              #pragma debug variable 8 6 _i2c_write_2+0 "i2c_buffer"
  62  0001              #line 62 "C:\HT-3000\UC_F5660\src\UC_I2C.c"
  62  0001  0F01        	mov a,1
  62  0002  0080     R  	mov _ACK[0],a
  66  0003              #line 66 "C:\HT-3000\UC_F5660\src\UC_I2C.c"
  66  0003  0F09        	mov a,9
  66  0004  0080     E  	mov ra,a
  66  0005              _L15:
  66  0005  1580     E  	dec ra
  68  0006              #line 68 "C:\HT-3000\UC_F5660\src\UC_I2C.c"
  68  0006  3420        	clr [32].0
  66  0007              #line 66 "C:\HT-3000\UC_F5660\src\UC_I2C.c"
  66  0007  1E00     E  	snz ra
  66  0008  2800     R  	jmp _L19
  69  0009              #line 69 "C:\HT-3000\UC_F5660\src\UC_I2C.c"
  69  0009              ;# 69 "C:\HT-3000\UC_F5660\src\UC_I2C.c" 1
  69  0009              	IF 5>263690
"File: UC_I2C.c      Assembler  Version HGASM0202      Page 16

  69  0009              ;# 69 "C:\HT-3000\UC_F5660\src\UC_I2C.c" 1
  69  0009              	ERRMESSAGE 'the value 5of the argument exceeds the maxinum 263690'
  69  0009              	ENDIF
  69  0009              ;# 69 "C:\HT-3000\UC_F5660\src\UC_I2C.c" 1
  69  0009              	IF 5<0
  69  0009              ;# 69 "C:\HT-3000\UC_F5660\src\UC_I2C.c" 1
  69  0009              	ERRMESSAGE 'the value 5 of the argument exceeds the mininum 0'
  69  0009              	ENDIF
  69  0009              ;# 69 "C:\HT-3000\UC_F5660\src\UC_I2C.c" 1
  69  0009              	IF 5==0
  69  0009              ;# 69 "C:\HT-3000\UC_F5660\src\UC_I2C.c" 1
  69  0009              	JMP $
  69  0009              	ENDIF
  69  0009              ;# 69 "C:\HT-3000\UC_F5660\src\UC_I2C.c" 1
  69  0009              	IF (5>=1) AND (5<( 4 + __PBP__ * 2))
  69  0009              ;# 69 "C:\HT-3000\UC_F5660\src\UC_I2C.c" 1
  69  0009  0000        	NOP
  69  000A              	ENDIF
  69  000A              ;# 69 "C:\HT-3000\UC_F5660\src\UC_I2C.c" 1
  69  000A              	IF (5>=2) AND (5<( 4 + __PBP__ * 2))
  69  000A              ;# 69 "C:\HT-3000\UC_F5660\src\UC_I2C.c" 1
  69  000A  0000        	NOP
  69  000B              	ENDIF
  69  000B              ;# 69 "C:\HT-3000\UC_F5660\src\UC_I2C.c" 1
  69  000B              	IF (5>=3) AND (5<( 4 + __PBP__ * 2))
  69  000B              ;# 69 "C:\HT-3000\UC_F5660\src\UC_I2C.c" 1
  69  000B  0000        	NOP
  69  000C              	ENDIF
  69  000C              ;# 69 "C:\HT-3000\UC_F5660\src\UC_I2C.c" 1
  69  000C              	IF (5>=4) AND (5<( 4 + __PBP__ * 2)) AND ( __PBP__ > 0 )
  69  000C              ;# 69 "C:\HT-3000\UC_F5660\src\UC_I2C.c" 1
  69  000C  0000        	NOP
  69  000D              	ENDIF
  69  000D              ;# 69 "C:\HT-3000\UC_F5660\src\UC_I2C.c" 1
  69  000D              	IF (5>=5) AND (5<( 4 + __PBP__ * 2)) AND ( __PBP__ > 0 )
  69  000D              ;# 69 "C:\HT-3000\UC_F5660\src\UC_I2C.c" 1
  69  000D  0000        	NOP
  69  000E              	ENDIF
  69  000E              ;# 69 "C:\HT-3000\UC_F5660\src\UC_I2C.c" 1
  69  000E              	IF (5>=6) AND (5<( 4 + __PBP__ * 2))  AND ( __PBP__ > 1 )
  69  000E              ;# 69 "C:\HT-3000\UC_F5660\src\UC_I2C.c" 1
  69  000E              	NOP
  69  000E              	ENDIF
  69  000E              ;# 69 "C:\HT-3000\UC_F5660\src\UC_I2C.c" 1
  69  000E              	IF (5>=7) AND (5<( 4 + __PBP__ * 2))  AND ( __PBP__ > 1 )
  69  000E              ;# 69 "C:\HT-3000\UC_F5660\src\UC_I2C.c" 1
  69  000E              	NOP
  69  000E              	ENDIF
  69  000E              ;# 69 "C:\HT-3000\UC_F5660\src\UC_I2C.c" 1
  69  000E              	IF (5>=8) AND (5<( 4 + __PBP__ * 2))  AND ( __PBP__ > 2 )
  69  000E              ;# 69 "C:\HT-3000\UC_F5660\src\UC_I2C.c" 1
  69  000E              	NOP
  69  000E              	ENDIF
  69  000E              ;# 69 "C:\HT-3000\UC_F5660\src\UC_I2C.c" 1
  69  000E              	IF (5==9)  AND ( __PBP__ > 2 )
  69  000E              ;# 69 "C:\HT-3000\UC_F5660\src\UC_I2C.c" 1
  69  000E              	NOP
  69  000E              	ENDIF
  69  000E              ;# 69 "C:\HT-3000\UC_F5660\src\UC_I2C.c" 1
  69  000E              	IF (5< ( 8 + __PBP__ * 2)) AND (5>( 3 + __PBP__ * 2))
"File: UC_I2C.c      Assembler  Version HGASM0202      Page 17

  69  000E              ;# 69 "C:\HT-3000\UC_F5660\src\UC_I2C.c" 1
  69  000E              	fcall __DELAY3 + ( 7 + __PBP__ * 2) -5
  69  000E              	ENDIF
  69  000E              ;# 69 "C:\HT-3000\UC_F5660\src\UC_I2C.c" 1
  69  000E              	IF (5< ( 0404h + __PBP__ * 2)) AND (5>( 7 + __PBP__ * 2))
  69  000E              ;# 69 "C:\HT-3000\UC_F5660\src\UC_I2C.c" 1
  69  000E              	MOV A,(5-( 4 + __PBP__ * 2))/4
  69  000E              ;# 69 "C:\HT-3000\UC_F5660\src\UC_I2C.c" 1
  69  000E              	fcall __DELAYX3 + 3 -((5-( 4 + __PBP__ * 2)) MOD 4) 
  69  000E              	ENDIF
  69  000E              ;# 69 "C:\HT-3000\UC_F5660\src\UC_I2C.c" 1
  69  000E              	IF (5< ( 040bh + __PBP__ * 2)) AND (5> ( 0403h + __PBP__ * 2))
  69  000E              ;# 69 "C:\HT-3000\UC_F5660\src\UC_I2C.c" 1
  69  000E              	MOV A,0 
  69  000E              ;# 69 "C:\HT-3000\UC_F5660\src\UC_I2C.c" 1
  69  000E              	fcall __DELAYX6 + ( 040ah + __PBP__ * 2) -5
  69  000E              	ENDIF
  69  000E              ;# 69 "C:\HT-3000\UC_F5660\src\UC_I2C.c" 1
  69  000E              	IF (5 >= ( 040bh + __PBP__ * 2)) AND ((((5-( 9 + __PBP__ * 2))%0402h)/4+1)>256)
  69  000E              ;# 69 "C:\HT-3000\UC_F5660\src\UC_I2C.c" 1
  69  000E              	MOV A,(5-( 9 + __PBP__ * 2))/0402h
  69  000E              ;# 69 "C:\HT-3000\UC_F5660\src\UC_I2C.c" 1
  69  000E              	MOV _builtin_holtek_delay_2,A
  69  000E              ;# 69 "C:\HT-3000\UC_F5660\src\UC_I2C.c" 1
  69  000E              	MOV A,0
  69  000E              ;# 69 "C:\HT-3000\UC_F5660\src\UC_I2C.c" 1
  69  000E              	fcall __DELAYY5 +5- (((5-( 9 + __PBP__ * 2))%0402h)%6) 
  69  000E              	ENDIF
  69  000E              ;# 69 "C:\HT-3000\UC_F5660\src\UC_I2C.c" 1
  69  000E              	IF (5 >= ( 040bh + __PBP__ * 2)) AND ((((5-( 9 + __PBP__ * 2))%0402h)/4+1)<=256)
  69  000E              ;# 69 "C:\HT-3000\UC_F5660\src\UC_I2C.c" 1
  69  000E              	MOV A,(5-( 9 + __PBP__ * 2))/0402h
  69  000E              ;# 69 "C:\HT-3000\UC_F5660\src\UC_I2C.c" 1
  69  000E              	MOV _builtin_holtek_delay_2,A
  69  000E              ;# 69 "C:\HT-3000\UC_F5660\src\UC_I2C.c" 1
  69  000E              	MOV A,((5-( 9 + __PBP__ * 2))%0402h)/4+1
  69  000E              ;# 69 "C:\HT-3000\UC_F5660\src\UC_I2C.c" 1
  69  000E              	fcall __DELAYY3 +3-(((5-( 9 + __PBP__ * 2))%0402h)%4) 
  69  000E              	ENDIF
  71  000E              #line 71 "C:\HT-3000\UC_F5660\src\UC_I2C.c"
  71  000E  3800     R  	snz _i2c_write_2[0].7
  71  000F  2800     R  	jmp _L16
  72  0010              #line 72 "C:\HT-3000\UC_F5660\src\UC_I2C.c"
  72  0010  31A0        	set [32].3
  72  0011  2800     R  	jmp _L17
  72  0012              _L16:
  74  0012              #line 74 "C:\HT-3000\UC_F5660\src\UC_I2C.c"
  74  0012  35A0        	clr [32].3
  74  0013              _L17:
  76  0013              #line 76 "C:\HT-3000\UC_F5660\src\UC_I2C.c"
  76  0013  3020        	set [32].0
  77  0014              #line 77 "C:\HT-3000\UC_F5660\src\UC_I2C.c"
  77  0014              ;# 77 "C:\HT-3000\UC_F5660\src\UC_I2C.c" 1
  77  0014              	IF 5>263690
  77  0014              ;# 77 "C:\HT-3000\UC_F5660\src\UC_I2C.c" 1
  77  0014              	ERRMESSAGE 'the value 5of the argument exceeds the maxinum 263690'
  77  0014              	ENDIF
  77  0014              ;# 77 "C:\HT-3000\UC_F5660\src\UC_I2C.c" 1
  77  0014              	IF 5<0
  77  0014              ;# 77 "C:\HT-3000\UC_F5660\src\UC_I2C.c" 1
"File: UC_I2C.c      Assembler  Version HGASM0202      Page 18

  77  0014              	ERRMESSAGE 'the value 5 of the argument exceeds the mininum 0'
  77  0014              	ENDIF
  77  0014              ;# 77 "C:\HT-3000\UC_F5660\src\UC_I2C.c" 1
  77  0014              	IF 5==0
  77  0014              ;# 77 "C:\HT-3000\UC_F5660\src\UC_I2C.c" 1
  77  0014              	JMP $
  77  0014              	ENDIF
  77  0014              ;# 77 "C:\HT-3000\UC_F5660\src\UC_I2C.c" 1
  77  0014              	IF (5>=1) AND (5<( 4 + __PBP__ * 2))
  77  0014              ;# 77 "C:\HT-3000\UC_F5660\src\UC_I2C.c" 1
  77  0014  0000        	NOP
  77  0015              	ENDIF
  77  0015              ;# 77 "C:\HT-3000\UC_F5660\src\UC_I2C.c" 1
  77  0015              	IF (5>=2) AND (5<( 4 + __PBP__ * 2))
  77  0015              ;# 77 "C:\HT-3000\UC_F5660\src\UC_I2C.c" 1
  77  0015  0000        	NOP
  77  0016              	ENDIF
  77  0016              ;# 77 "C:\HT-3000\UC_F5660\src\UC_I2C.c" 1
  77  0016              	IF (5>=3) AND (5<( 4 + __PBP__ * 2))
  77  0016              ;# 77 "C:\HT-3000\UC_F5660\src\UC_I2C.c" 1
  77  0016  0000        	NOP
  77  0017              	ENDIF
  77  0017              ;# 77 "C:\HT-3000\UC_F5660\src\UC_I2C.c" 1
  77  0017              	IF (5>=4) AND (5<( 4 + __PBP__ * 2)) AND ( __PBP__ > 0 )
  77  0017              ;# 77 "C:\HT-3000\UC_F5660\src\UC_I2C.c" 1
  77  0017  0000        	NOP
  77  0018              	ENDIF
  77  0018              ;# 77 "C:\HT-3000\UC_F5660\src\UC_I2C.c" 1
  77  0018              	IF (5>=5) AND (5<( 4 + __PBP__ * 2)) AND ( __PBP__ > 0 )
  77  0018              ;# 77 "C:\HT-3000\UC_F5660\src\UC_I2C.c" 1
  77  0018  0000        	NOP
  77  0019              	ENDIF
  77  0019              ;# 77 "C:\HT-3000\UC_F5660\src\UC_I2C.c" 1
  77  0019              	IF (5>=6) AND (5<( 4 + __PBP__ * 2))  AND ( __PBP__ > 1 )
  77  0019              ;# 77 "C:\HT-3000\UC_F5660\src\UC_I2C.c" 1
  77  0019              	NOP
  77  0019              	ENDIF
  77  0019              ;# 77 "C:\HT-3000\UC_F5660\src\UC_I2C.c" 1
  77  0019              	IF (5>=7) AND (5<( 4 + __PBP__ * 2))  AND ( __PBP__ > 1 )
  77  0019              ;# 77 "C:\HT-3000\UC_F5660\src\UC_I2C.c" 1
  77  0019              	NOP
  77  0019              	ENDIF
  77  0019              ;# 77 "C:\HT-3000\UC_F5660\src\UC_I2C.c" 1
  77  0019              	IF (5>=8) AND (5<( 4 + __PBP__ * 2))  AND ( __PBP__ > 2 )
  77  0019              ;# 77 "C:\HT-3000\UC_F5660\src\UC_I2C.c" 1
  77  0019              	NOP
  77  0019              	ENDIF
  77  0019              ;# 77 "C:\HT-3000\UC_F5660\src\UC_I2C.c" 1
  77  0019              	IF (5==9)  AND ( __PBP__ > 2 )
  77  0019              ;# 77 "C:\HT-3000\UC_F5660\src\UC_I2C.c" 1
  77  0019              	NOP
  77  0019              	ENDIF
  77  0019              ;# 77 "C:\HT-3000\UC_F5660\src\UC_I2C.c" 1
  77  0019              	IF (5< ( 8 + __PBP__ * 2)) AND (5>( 3 + __PBP__ * 2))
  77  0019              ;# 77 "C:\HT-3000\UC_F5660\src\UC_I2C.c" 1
  77  0019              	fcall __DELAY3 + ( 7 + __PBP__ * 2) -5
  77  0019              	ENDIF
  77  0019              ;# 77 "C:\HT-3000\UC_F5660\src\UC_I2C.c" 1
  77  0019              	IF (5< ( 0404h + __PBP__ * 2)) AND (5>( 7 + __PBP__ * 2))
  77  0019              ;# 77 "C:\HT-3000\UC_F5660\src\UC_I2C.c" 1
"File: UC_I2C.c      Assembler  Version HGASM0202      Page 19

  77  0019              	MOV A,(5-( 4 + __PBP__ * 2))/4
  77  0019              ;# 77 "C:\HT-3000\UC_F5660\src\UC_I2C.c" 1
  77  0019              	fcall __DELAYX3 + 3 -((5-( 4 + __PBP__ * 2)) MOD 4) 
  77  0019              	ENDIF
  77  0019              ;# 77 "C:\HT-3000\UC_F5660\src\UC_I2C.c" 1
  77  0019              	IF (5< ( 040bh + __PBP__ * 2)) AND (5> ( 0403h + __PBP__ * 2))
  77  0019              ;# 77 "C:\HT-3000\UC_F5660\src\UC_I2C.c" 1
  77  0019              	MOV A,0 
  77  0019              ;# 77 "C:\HT-3000\UC_F5660\src\UC_I2C.c" 1
  77  0019              	fcall __DELAYX6 + ( 040ah + __PBP__ * 2) -5
  77  0019              	ENDIF
  77  0019              ;# 77 "C:\HT-3000\UC_F5660\src\UC_I2C.c" 1
  77  0019              	IF (5 >= ( 040bh + __PBP__ * 2)) AND ((((5-( 9 + __PBP__ * 2))%0402h)/4+1)>256)
  77  0019              ;# 77 "C:\HT-3000\UC_F5660\src\UC_I2C.c" 1
  77  0019              	MOV A,(5-( 9 + __PBP__ * 2))/0402h
  77  0019              ;# 77 "C:\HT-3000\UC_F5660\src\UC_I2C.c" 1
  77  0019              	MOV _builtin_holtek_delay_2,A
  77  0019              ;# 77 "C:\HT-3000\UC_F5660\src\UC_I2C.c" 1
  77  0019              	MOV A,0
  77  0019              ;# 77 "C:\HT-3000\UC_F5660\src\UC_I2C.c" 1
  77  0019              	fcall __DELAYY5 +5- (((5-( 9 + __PBP__ * 2))%0402h)%6) 
  77  0019              	ENDIF
  77  0019              ;# 77 "C:\HT-3000\UC_F5660\src\UC_I2C.c" 1
  77  0019              	IF (5 >= ( 040bh + __PBP__ * 2)) AND ((((5-( 9 + __PBP__ * 2))%0402h)/4+1)<=256)
  77  0019              ;# 77 "C:\HT-3000\UC_F5660\src\UC_I2C.c" 1
  77  0019              	MOV A,(5-( 9 + __PBP__ * 2))/0402h
  77  0019              ;# 77 "C:\HT-3000\UC_F5660\src\UC_I2C.c" 1
  77  0019              	MOV _builtin_holtek_delay_2,A
  77  0019              ;# 77 "C:\HT-3000\UC_F5660\src\UC_I2C.c" 1
  77  0019              	MOV A,((5-( 9 + __PBP__ * 2))%0402h)/4+1
  77  0019              ;# 77 "C:\HT-3000\UC_F5660\src\UC_I2C.c" 1
  77  0019              	fcall __DELAYY3 +3-(((5-( 9 + __PBP__ * 2))%0402h)%4) 
  77  0019              	ENDIF
  78  0019              #line 78 "C:\HT-3000\UC_F5660\src\UC_I2C.c"
  78  0019  0700     R  	mov a,_i2c_write_2[0]
  78  001A  0380     R  	addm a,_i2c_write_2[0]
  78  001B  2800     R  	jmp _L15
  78  001C              _L19:
  82  001C              #line 82 "C:\HT-3000\UC_F5660\src\UC_I2C.c"
  82  001C              ;# 82 "C:\HT-3000\UC_F5660\src\UC_I2C.c" 1
  82  001C              	IF 5>263690
  82  001C              ;# 82 "C:\HT-3000\UC_F5660\src\UC_I2C.c" 1
  82  001C              	ERRMESSAGE 'the value 5of the argument exceeds the maxinum 263690'
  82  001C              	ENDIF
  82  001C              ;# 82 "C:\HT-3000\UC_F5660\src\UC_I2C.c" 1
  82  001C              	IF 5<0
  82  001C              ;# 82 "C:\HT-3000\UC_F5660\src\UC_I2C.c" 1
  82  001C              	ERRMESSAGE 'the value 5 of the argument exceeds the mininum 0'
  82  001C              	ENDIF
  82  001C              ;# 82 "C:\HT-3000\UC_F5660\src\UC_I2C.c" 1
  82  001C              	IF 5==0
  82  001C              ;# 82 "C:\HT-3000\UC_F5660\src\UC_I2C.c" 1
  82  001C              	JMP $
  82  001C              	ENDIF
  82  001C              ;# 82 "C:\HT-3000\UC_F5660\src\UC_I2C.c" 1
  82  001C              	IF (5>=1) AND (5<( 4 + __PBP__ * 2))
  82  001C              ;# 82 "C:\HT-3000\UC_F5660\src\UC_I2C.c" 1
  82  001C  0000        	NOP
  82  001D              	ENDIF
  82  001D              ;# 82 "C:\HT-3000\UC_F5660\src\UC_I2C.c" 1
"File: UC_I2C.c      Assembler  Version HGASM0202      Page 20

  82  001D              	IF (5>=2) AND (5<( 4 + __PBP__ * 2))
  82  001D              ;# 82 "C:\HT-3000\UC_F5660\src\UC_I2C.c" 1
  82  001D  0000        	NOP
  82  001E              	ENDIF
  82  001E              ;# 82 "C:\HT-3000\UC_F5660\src\UC_I2C.c" 1
  82  001E              	IF (5>=3) AND (5<( 4 + __PBP__ * 2))
  82  001E              ;# 82 "C:\HT-3000\UC_F5660\src\UC_I2C.c" 1
  82  001E  0000        	NOP
  82  001F              	ENDIF
  82  001F              ;# 82 "C:\HT-3000\UC_F5660\src\UC_I2C.c" 1
  82  001F              	IF (5>=4) AND (5<( 4 + __PBP__ * 2)) AND ( __PBP__ > 0 )
  82  001F              ;# 82 "C:\HT-3000\UC_F5660\src\UC_I2C.c" 1
  82  001F  0000        	NOP
  82  0020              	ENDIF
  82  0020              ;# 82 "C:\HT-3000\UC_F5660\src\UC_I2C.c" 1
  82  0020              	IF (5>=5) AND (5<( 4 + __PBP__ * 2)) AND ( __PBP__ > 0 )
  82  0020              ;# 82 "C:\HT-3000\UC_F5660\src\UC_I2C.c" 1
  82  0020  0000        	NOP
  82  0021              	ENDIF
  82  0021              ;# 82 "C:\HT-3000\UC_F5660\src\UC_I2C.c" 1
  82  0021              	IF (5>=6) AND (5<( 4 + __PBP__ * 2))  AND ( __PBP__ > 1 )
  82  0021              ;# 82 "C:\HT-3000\UC_F5660\src\UC_I2C.c" 1
  82  0021              	NOP
  82  0021              	ENDIF
  82  0021              ;# 82 "C:\HT-3000\UC_F5660\src\UC_I2C.c" 1
  82  0021              	IF (5>=7) AND (5<( 4 + __PBP__ * 2))  AND ( __PBP__ > 1 )
  82  0021              ;# 82 "C:\HT-3000\UC_F5660\src\UC_I2C.c" 1
  82  0021              	NOP
  82  0021              	ENDIF
  82  0021              ;# 82 "C:\HT-3000\UC_F5660\src\UC_I2C.c" 1
  82  0021              	IF (5>=8) AND (5<( 4 + __PBP__ * 2))  AND ( __PBP__ > 2 )
  82  0021              ;# 82 "C:\HT-3000\UC_F5660\src\UC_I2C.c" 1
  82  0021              	NOP
  82  0021              	ENDIF
  82  0021              ;# 82 "C:\HT-3000\UC_F5660\src\UC_I2C.c" 1
  82  0021              	IF (5==9)  AND ( __PBP__ > 2 )
  82  0021              ;# 82 "C:\HT-3000\UC_F5660\src\UC_I2C.c" 1
  82  0021              	NOP
  82  0021              	ENDIF
  82  0021              ;# 82 "C:\HT-3000\UC_F5660\src\UC_I2C.c" 1
  82  0021              	IF (5< ( 8 + __PBP__ * 2)) AND (5>( 3 + __PBP__ * 2))
  82  0021              ;# 82 "C:\HT-3000\UC_F5660\src\UC_I2C.c" 1
  82  0021              	fcall __DELAY3 + ( 7 + __PBP__ * 2) -5
  82  0021              	ENDIF
  82  0021              ;# 82 "C:\HT-3000\UC_F5660\src\UC_I2C.c" 1
  82  0021              	IF (5< ( 0404h + __PBP__ * 2)) AND (5>( 7 + __PBP__ * 2))
  82  0021              ;# 82 "C:\HT-3000\UC_F5660\src\UC_I2C.c" 1
  82  0021              	MOV A,(5-( 4 + __PBP__ * 2))/4
  82  0021              ;# 82 "C:\HT-3000\UC_F5660\src\UC_I2C.c" 1
  82  0021              	fcall __DELAYX3 + 3 -((5-( 4 + __PBP__ * 2)) MOD 4) 
  82  0021              	ENDIF
  82  0021              ;# 82 "C:\HT-3000\UC_F5660\src\UC_I2C.c" 1
  82  0021              	IF (5< ( 040bh + __PBP__ * 2)) AND (5> ( 0403h + __PBP__ * 2))
  82  0021              ;# 82 "C:\HT-3000\UC_F5660\src\UC_I2C.c" 1
  82  0021              	MOV A,0 
  82  0021              ;# 82 "C:\HT-3000\UC_F5660\src\UC_I2C.c" 1
  82  0021              	fcall __DELAYX6 + ( 040ah + __PBP__ * 2) -5
  82  0021              	ENDIF
  82  0021              ;# 82 "C:\HT-3000\UC_F5660\src\UC_I2C.c" 1
  82  0021              	IF (5 >= ( 040bh + __PBP__ * 2)) AND ((((5-( 9 + __PBP__ * 2))%0402h)/4+1)>256)
"File: UC_I2C.c      Assembler  Version HGASM0202      Page 21

  82  0021              ;# 82 "C:\HT-3000\UC_F5660\src\UC_I2C.c" 1
  82  0021              	MOV A,(5-( 9 + __PBP__ * 2))/0402h
  82  0021              ;# 82 "C:\HT-3000\UC_F5660\src\UC_I2C.c" 1
  82  0021              	MOV _builtin_holtek_delay_2,A
  82  0021              ;# 82 "C:\HT-3000\UC_F5660\src\UC_I2C.c" 1
  82  0021              	MOV A,0
  82  0021              ;# 82 "C:\HT-3000\UC_F5660\src\UC_I2C.c" 1
  82  0021              	fcall __DELAYY5 +5- (((5-( 9 + __PBP__ * 2))%0402h)%6) 
  82  0021              	ENDIF
  82  0021              ;# 82 "C:\HT-3000\UC_F5660\src\UC_I2C.c" 1
  82  0021              	IF (5 >= ( 040bh + __PBP__ * 2)) AND ((((5-( 9 + __PBP__ * 2))%0402h)/4+1)<=256)
  82  0021              ;# 82 "C:\HT-3000\UC_F5660\src\UC_I2C.c" 1
  82  0021              	MOV A,(5-( 9 + __PBP__ * 2))/0402h
  82  0021              ;# 82 "C:\HT-3000\UC_F5660\src\UC_I2C.c" 1
  82  0021              	MOV _builtin_holtek_delay_2,A
  82  0021              ;# 82 "C:\HT-3000\UC_F5660\src\UC_I2C.c" 1
  82  0021              	MOV A,((5-( 9 + __PBP__ * 2))%0402h)/4+1
  82  0021              ;# 82 "C:\HT-3000\UC_F5660\src\UC_I2C.c" 1
  82  0021              	fcall __DELAYY3 +3-(((5-( 9 + __PBP__ * 2))%0402h)%4) 
  82  0021              	ENDIF
  82  0021  0003        	ret
  82  0022              _i2c_write endp
  82  0022              #line 82 "C:\HT-3000\UC_F5660\src\UC_I2C.c"
  82  0022              #pragma debug scope 1 1
   6  0022              #line 6 "C:\HT-3000\UC_F5660\src\UC_I2C.c"
   6  0022              public _ACK
   6  0000              @HCCINIT0_ACK .section 'data'
   6  0000              _ACK	db 0
   6  0001              #pragma debug variable 8 1 _ACK "ACK"
   6  0001              
   6  0000              @HCCINIT .section 'data'
   6  0000              #pragma debug struct_end
   6  0000              #pragma debug struct_end
   6  0000              #pragma debug union_end
   6  0000              #pragma debug union_end
   6  0000              #pragma debug variable 43 1 ___pcpu "__pcpu" 1
   6  0000              #pragma debug struct_end
   6  0000              #pragma debug struct_end
   6  0000              #pragma debug union_end
   6  0000              #pragma debug union_end
   6  0000              #pragma debug variable 45 1 ___pc "__pc" 1
   6  0000              #pragma debug struct_end
   6  0000              #pragma debug struct_end
   6  0000              #pragma debug union_end
   6  0000              #pragma debug union_end
   6  0000              #pragma debug variable 47 1 ___pcc "__pcc" 1
   6  0000              
   6  0000              ; 
   6  0000              ; Generated by holtek-gcc v3.20, Thu Aug 27 18:14:53 2020
   6  0000              ; Rebuild 610
   6  0000              ; end of file


        0 Errors, 0